[0.028s] Invoking command in '/home/utk/bot_ws/build/bot_bringup': CMAKE_PREFIX_PATH=/home/utk/bot_ws/install/bot_description:/home/utk/bot_ws/install/bot_controller:/home/utk/mobi_ws/install/mobi_bringup:/home/utk/mobi_ws/install/mobi_gui:/home/utk/mobi_ws/install/mobi_vision:/home/utk/mobi_ws/install/mobi_speech:/opt/ros/humble:/home/utk/mobi_ws/install/rplidar_ros:/home/utk/mobi_ws/install/mobi_controller:/home/utk/mobi_ws/install/mobi_utils:/home/utk/mobi_ws/install/mobi_script:/home/utk/mobi_ws/install/mobi_planning:/home/utk/mobi_ws/install/mobi_navigation:/home/utk/mobi_ws/install/mobi_msgs:/home/utk/mobi_ws/install/mobi_localization:/home/utk/mobi_ws/install/mobi_mapping:/home/utk/mobi_ws/install/mobi_firmware:/home/utk/mobi_ws/install/mobi_description:/home/utk/microros_ws/install/micro_ros_setup:/home/utk/microros_ws/install/micro_ros_agent:/home/utk/microros_ws/install/micro_ros_msgs:/home/utk/rail_ws/install/rail_bringup:/home/utk/rail_ws/install/rail_remote:/home/utk/rail_ws/install/rail_msgs:/home/utk/rail_ws/install/rail_moveit:/home/utk/rail_ws/install/rail_firmware:/home/utk/rail_ws/install/rail_controller:/home/utk/rail_ws/install/rail_description:/home/utk/rail_ws/install/arduinobot_description /usr/bin/cmake /home/utk/bot_ws/src/bot_bringup -DAMENT_CMAKE_SYMLINK_INSTALL=1 -DCMAKE_INSTALL_PREFIX=/home/utk/bot_ws/install/bot_bringup
[0.086s] -- The C compiler identification is GNU 11.4.0
[0.131s] -- The CXX compiler identification is GNU 11.4.0
[0.140s] -- Detecting C compiler ABI info
[0.196s] -- Detecting C compiler ABI info - done
[0.202s] -- Check for working C compiler: /usr/bin/cc - skipped
[0.202s] -- Detecting C compile features
[0.202s] -- Detecting C compile features - done
[0.205s] -- Detecting CXX compiler ABI info
[0.273s] -- Detecting CXX compiler ABI info - done
[0.279s] -- Check for working CXX compiler: /usr/bin/c++ - skipped
[0.279s] -- Detecting CXX compile features
[0.280s] -- Detecting CXX compile features - done
[0.287s] -- Found ament_cmake: 1.3.11 (/opt/ros/humble/share/ament_cmake/cmake)
[0.442s] -- Found Python3: /usr/bin/python3 (found version "3.10.12") found components: Interpreter 
[0.511s] -- Override CMake install command with custom implementation using symlinks instead of copying resources
[0.556s] -- Found ament_lint_auto: 0.12.12 (/opt/ros/humble/share/ament_lint_auto/cmake)
[0.628s] -- Added test 'lint_cmake' to check CMake code style
[0.629s] -- Added test 'xmllint' to check XML markup files
[0.630s] -- Configuring done
[0.632s] -- Generating done
[0.633s] -- Build files have been written to: /home/utk/bot_ws/build/bot_bringup
[0.637s] Invoked command in '/home/utk/bot_ws/build/bot_bringup' returned '0': CMAKE_PREFIX_PATH=/home/utk/bot_ws/install/bot_description:/home/utk/bot_ws/install/bot_controller:/home/utk/mobi_ws/install/mobi_bringup:/home/utk/mobi_ws/install/mobi_gui:/home/utk/mobi_ws/install/mobi_vision:/home/utk/mobi_ws/install/mobi_speech:/opt/ros/humble:/home/utk/mobi_ws/install/rplidar_ros:/home/utk/mobi_ws/install/mobi_controller:/home/utk/mobi_ws/install/mobi_utils:/home/utk/mobi_ws/install/mobi_script:/home/utk/mobi_ws/install/mobi_planning:/home/utk/mobi_ws/install/mobi_navigation:/home/utk/mobi_ws/install/mobi_msgs:/home/utk/mobi_ws/install/mobi_localization:/home/utk/mobi_ws/install/mobi_mapping:/home/utk/mobi_ws/install/mobi_firmware:/home/utk/mobi_ws/install/mobi_description:/home/utk/microros_ws/install/micro_ros_setup:/home/utk/microros_ws/install/micro_ros_agent:/home/utk/microros_ws/install/micro_ros_msgs:/home/utk/rail_ws/install/rail_bringup:/home/utk/rail_ws/install/rail_remote:/home/utk/rail_ws/install/rail_msgs:/home/utk/rail_ws/install/rail_moveit:/home/utk/rail_ws/install/rail_firmware:/home/utk/rail_ws/install/rail_controller:/home/utk/rail_ws/install/rail_description:/home/utk/rail_ws/install/arduinobot_description /usr/bin/cmake /home/utk/bot_ws/src/bot_bringup -DAMENT_CMAKE_SYMLINK_INSTALL=1 -DCMAKE_INSTALL_PREFIX=/home/utk/bot_ws/install/bot_bringup
[0.639s] Invoking command in '/home/utk/bot_ws/build/bot_bringup': CMAKE_PREFIX_PATH=/home/utk/bot_ws/install/bot_description:/home/utk/bot_ws/install/bot_controller:/home/utk/mobi_ws/install/mobi_bringup:/home/utk/mobi_ws/install/mobi_gui:/home/utk/mobi_ws/install/mobi_vision:/home/utk/mobi_ws/install/mobi_speech:/opt/ros/humble:/home/utk/mobi_ws/install/rplidar_ros:/home/utk/mobi_ws/install/mobi_controller:/home/utk/mobi_ws/install/mobi_utils:/home/utk/mobi_ws/install/mobi_script:/home/utk/mobi_ws/install/mobi_planning:/home/utk/mobi_ws/install/mobi_navigation:/home/utk/mobi_ws/install/mobi_msgs:/home/utk/mobi_ws/install/mobi_localization:/home/utk/mobi_ws/install/mobi_mapping:/home/utk/mobi_ws/install/mobi_firmware:/home/utk/mobi_ws/install/mobi_description:/home/utk/microros_ws/install/micro_ros_setup:/home/utk/microros_ws/install/micro_ros_agent:/home/utk/microros_ws/install/micro_ros_msgs:/home/utk/rail_ws/install/rail_bringup:/home/utk/rail_ws/install/rail_remote:/home/utk/rail_ws/install/rail_msgs:/home/utk/rail_ws/install/rail_moveit:/home/utk/rail_ws/install/rail_firmware:/home/utk/rail_ws/install/rail_controller:/home/utk/rail_ws/install/rail_description:/home/utk/rail_ws/install/arduinobot_description /usr/bin/cmake --build /home/utk/bot_ws/build/bot_bringup -- -j16 -l16
[0.673s] Invoked command in '/home/utk/bot_ws/build/bot_bringup' returned '0': CMAKE_PREFIX_PATH=/home/utk/bot_ws/install/bot_description:/home/utk/bot_ws/install/bot_controller:/home/utk/mobi_ws/install/mobi_bringup:/home/utk/mobi_ws/install/mobi_gui:/home/utk/mobi_ws/install/mobi_vision:/home/utk/mobi_ws/install/mobi_speech:/opt/ros/humble:/home/utk/mobi_ws/install/rplidar_ros:/home/utk/mobi_ws/install/mobi_controller:/home/utk/mobi_ws/install/mobi_utils:/home/utk/mobi_ws/install/mobi_script:/home/utk/mobi_ws/install/mobi_planning:/home/utk/mobi_ws/install/mobi_navigation:/home/utk/mobi_ws/install/mobi_msgs:/home/utk/mobi_ws/install/mobi_localization:/home/utk/mobi_ws/install/mobi_mapping:/home/utk/mobi_ws/install/mobi_firmware:/home/utk/mobi_ws/install/mobi_description:/home/utk/microros_ws/install/micro_ros_setup:/home/utk/microros_ws/install/micro_ros_agent:/home/utk/microros_ws/install/micro_ros_msgs:/home/utk/rail_ws/install/rail_bringup:/home/utk/rail_ws/install/rail_remote:/home/utk/rail_ws/install/rail_msgs:/home/utk/rail_ws/install/rail_moveit:/home/utk/rail_ws/install/rail_firmware:/home/utk/rail_ws/install/rail_controller:/home/utk/rail_ws/install/rail_description:/home/utk/rail_ws/install/arduinobot_description /usr/bin/cmake --build /home/utk/bot_ws/build/bot_bringup -- -j16 -l16
[0.674s] Invoking command in '/home/utk/bot_ws/build/bot_bringup': CMAKE_PREFIX_PATH=/home/utk/bot_ws/install/bot_description:/home/utk/bot_ws/install/bot_controller:/home/utk/mobi_ws/install/mobi_bringup:/home/utk/mobi_ws/install/mobi_gui:/home/utk/mobi_ws/install/mobi_vision:/home/utk/mobi_ws/install/mobi_speech:/opt/ros/humble:/home/utk/mobi_ws/install/rplidar_ros:/home/utk/mobi_ws/install/mobi_controller:/home/utk/mobi_ws/install/mobi_utils:/home/utk/mobi_ws/install/mobi_script:/home/utk/mobi_ws/install/mobi_planning:/home/utk/mobi_ws/install/mobi_navigation:/home/utk/mobi_ws/install/mobi_msgs:/home/utk/mobi_ws/install/mobi_localization:/home/utk/mobi_ws/install/mobi_mapping:/home/utk/mobi_ws/install/mobi_firmware:/home/utk/mobi_ws/install/mobi_description:/home/utk/microros_ws/install/micro_ros_setup:/home/utk/microros_ws/install/micro_ros_agent:/home/utk/microros_ws/install/micro_ros_msgs:/home/utk/rail_ws/install/rail_bringup:/home/utk/rail_ws/install/rail_remote:/home/utk/rail_ws/install/rail_msgs:/home/utk/rail_ws/install/rail_moveit:/home/utk/rail_ws/install/rail_firmware:/home/utk/rail_ws/install/rail_controller:/home/utk/rail_ws/install/rail_description:/home/utk/rail_ws/install/arduinobot_description /usr/bin/cmake --install /home/utk/bot_ws/build/bot_bringup
[0.680s] -- Install configuration: ""
[0.680s] -- Execute custom install script
[0.681s] -- Symlinking: /home/utk/bot_ws/install/bot_bringup/share/ament_index/resource_index/package_run_dependencies/bot_bringup
[0.687s] -- Symlinking: /home/utk/bot_ws/install/bot_bringup/share/ament_index/resource_index/parent_prefix_path/bot_bringup
[0.694s] -- Symlinking: /home/utk/bot_ws/install/bot_bringup/share/bot_bringup/environment/ament_prefix_path.sh
[0.699s] -- Symlinking: /home/utk/bot_ws/install/bot_bringup/share/bot_bringup/environment/ament_prefix_path.dsv
[0.705s] -- Symlinking: /home/utk/bot_ws/install/bot_bringup/share/bot_bringup/environment/path.sh
[0.712s] -- Symlinking: /home/utk/bot_ws/install/bot_bringup/share/bot_bringup/environment/path.dsv
[0.719s] -- Symlinking: /home/utk/bot_ws/install/bot_bringup/share/bot_bringup/local_setup.bash
[0.726s] -- Symlinking: /home/utk/bot_ws/install/bot_bringup/share/bot_bringup/local_setup.sh
[0.735s] -- Symlinking: /home/utk/bot_ws/install/bot_bringup/share/bot_bringup/local_setup.zsh
[0.743s] -- Symlinking: /home/utk/bot_ws/install/bot_bringup/share/bot_bringup/local_setup.dsv
[0.753s] -- Symlinking: /home/utk/bot_ws/install/bot_bringup/share/bot_bringup/package.dsv
[0.762s] -- Symlinking: /home/utk/bot_ws/install/bot_bringup/share/ament_index/resource_index/packages/bot_bringup
[0.770s] -- Symlinking: /home/utk/bot_ws/install/bot_bringup/share/bot_bringup/cmake/bot_bringupConfig.cmake
[0.778s] -- Symlinking: /home/utk/bot_ws/install/bot_bringup/share/bot_bringup/cmake/bot_bringupConfig-version.cmake
[0.787s] -- Symlinking: /home/utk/bot_ws/install/bot_bringup/share/bot_bringup/package.xml
[0.796s] Invoked command in '/home/utk/bot_ws/build/bot_bringup' returned '0': CMAKE_PREFIX_PATH=/home/utk/bot_ws/install/bot_description:/home/utk/bot_ws/install/bot_controller:/home/utk/mobi_ws/install/mobi_bringup:/home/utk/mobi_ws/install/mobi_gui:/home/utk/mobi_ws/install/mobi_vision:/home/utk/mobi_ws/install/mobi_speech:/opt/ros/humble:/home/utk/mobi_ws/install/rplidar_ros:/home/utk/mobi_ws/install/mobi_controller:/home/utk/mobi_ws/install/mobi_utils:/home/utk/mobi_ws/install/mobi_script:/home/utk/mobi_ws/install/mobi_planning:/home/utk/mobi_ws/install/mobi_navigation:/home/utk/mobi_ws/install/mobi_msgs:/home/utk/mobi_ws/install/mobi_localization:/home/utk/mobi_ws/install/mobi_mapping:/home/utk/mobi_ws/install/mobi_firmware:/home/utk/mobi_ws/install/mobi_description:/home/utk/microros_ws/install/micro_ros_setup:/home/utk/microros_ws/install/micro_ros_agent:/home/utk/microros_ws/install/micro_ros_msgs:/home/utk/rail_ws/install/rail_bringup:/home/utk/rail_ws/install/rail_remote:/home/utk/rail_ws/install/rail_msgs:/home/utk/rail_ws/install/rail_moveit:/home/utk/rail_ws/install/rail_firmware:/home/utk/rail_ws/install/rail_controller:/home/utk/rail_ws/install/rail_description:/home/utk/rail_ws/install/arduinobot_description /usr/bin/cmake --install /home/utk/bot_ws/build/bot_bringup
