[0.015s] Invoking command in '/home/utk/bot_ws/build/bot_controller': CMAKE_PREFIX_PATH=/home/utk/bot_ws/install/bot_description:/home/utk/mobi_ws/install/mobi_bringup:/home/utk/mobi_ws/install/mobi_gui:/home/utk/mobi_ws/install/mobi_vision:/home/utk/mobi_ws/install/mobi_speech:/opt/ros/humble:/home/utk/mobi_ws/install/rplidar_ros:/home/utk/mobi_ws/install/mobi_controller:/home/utk/mobi_ws/install/mobi_utils:/home/utk/mobi_ws/install/mobi_script:/home/utk/mobi_ws/install/mobi_planning:/home/utk/mobi_ws/install/mobi_navigation:/home/utk/mobi_ws/install/mobi_msgs:/home/utk/mobi_ws/install/mobi_localization:/home/utk/mobi_ws/install/mobi_mapping:/home/utk/mobi_ws/install/mobi_firmware:/home/utk/mobi_ws/install/mobi_description:/home/utk/microros_ws/install/micro_ros_setup:/home/utk/microros_ws/install/micro_ros_agent:/home/utk/microros_ws/install/micro_ros_msgs:/home/utk/rail_ws/install/rail_bringup:/home/utk/rail_ws/install/rail_remote:/home/utk/rail_ws/install/rail_msgs:/home/utk/rail_ws/install/rail_moveit:/home/utk/rail_ws/install/rail_firmware:/home/utk/rail_ws/install/rail_controller:/home/utk/rail_ws/install/rail_description:/home/utk/rail_ws/install/arduinobot_description /usr/bin/cmake /home/utk/bot_ws/src/bot_controller -DAMENT_CMAKE_SYMLINK_INSTALL=1 -DCMAKE_INSTALL_PREFIX=/home/utk/bot_ws/install/bot_controller
[0.025s] -- Found ament_cmake: 1.3.11 (/opt/ros/humble/share/ament_cmake/cmake)
[0.134s] -- Override CMake install command with custom implementation using symlinks instead of copying resources
[0.139s] -- Found rclcpp: 16.0.12 (/opt/ros/humble/share/rclcpp/cmake)
[0.161s] -- Found rosidl_generator_c: 3.1.6 (/opt/ros/humble/share/rosidl_generator_c/cmake)
[0.163s] -- Found rosidl_adapter: 3.1.6 (/opt/ros/humble/share/rosidl_adapter/cmake)
[0.167s] -- Found rosidl_generator_cpp: 3.1.6 (/opt/ros/humble/share/rosidl_generator_cpp/cmake)
[0.176s] -- Using all available rosidl_typesupport_c: rosidl_typesupport_fastrtps_c;rosidl_typesupport_introspection_c
[0.186s] -- Using all available rosidl_typesupport_cpp: rosidl_typesupport_fastrtps_cpp;rosidl_typesupport_introspection_cpp
[0.213s] -- Found rmw_implementation_cmake: 6.1.2 (/opt/ros/humble/share/rmw_implementation_cmake/cmake)
[0.215s] -- Found rmw_cyclonedds_cpp: 1.3.4 (/opt/ros/humble/share/rmw_cyclonedds_cpp/cmake)
[0.231s] -- Using RMW implementation 'rmw_cyclonedds_cpp' as default
[0.270s] -- Found rclpy: 3.3.16 (/opt/ros/humble/share/rclpy/cmake)
[0.270s] -- Found geometry_msgs: 4.8.0 (/opt/ros/humble/share/geometry_msgs/cmake)
[0.280s] -- Found sensor_msgs: 4.8.0 (/opt/ros/humble/share/sensor_msgs/cmake)
[0.294s] -- Found tf2_ros: 0.25.12 (/opt/ros/humble/share/tf2_ros/cmake)
[0.366s] -- Found trajectory_msgs: 4.8.0 (/opt/ros/humble/share/trajectory_msgs/cmake)
[0.443s] -- Configuring done
[0.446s] -- Generating done
[0.447s] -- Build files have been written to: /home/utk/bot_ws/build/bot_controller
[0.454s] Invoked command in '/home/utk/bot_ws/build/bot_controller' returned '0': CMAKE_PREFIX_PATH=/home/utk/bot_ws/install/bot_description:/home/utk/mobi_ws/install/mobi_bringup:/home/utk/mobi_ws/install/mobi_gui:/home/utk/mobi_ws/install/mobi_vision:/home/utk/mobi_ws/install/mobi_speech:/opt/ros/humble:/home/utk/mobi_ws/install/rplidar_ros:/home/utk/mobi_ws/install/mobi_controller:/home/utk/mobi_ws/install/mobi_utils:/home/utk/mobi_ws/install/mobi_script:/home/utk/mobi_ws/install/mobi_planning:/home/utk/mobi_ws/install/mobi_navigation:/home/utk/mobi_ws/install/mobi_msgs:/home/utk/mobi_ws/install/mobi_localization:/home/utk/mobi_ws/install/mobi_mapping:/home/utk/mobi_ws/install/mobi_firmware:/home/utk/mobi_ws/install/mobi_description:/home/utk/microros_ws/install/micro_ros_setup:/home/utk/microros_ws/install/micro_ros_agent:/home/utk/microros_ws/install/micro_ros_msgs:/home/utk/rail_ws/install/rail_bringup:/home/utk/rail_ws/install/rail_remote:/home/utk/rail_ws/install/rail_msgs:/home/utk/rail_ws/install/rail_moveit:/home/utk/rail_ws/install/rail_firmware:/home/utk/rail_ws/install/rail_controller:/home/utk/rail_ws/install/rail_description:/home/utk/rail_ws/install/arduinobot_description /usr/bin/cmake /home/utk/bot_ws/src/bot_controller -DAMENT_CMAKE_SYMLINK_INSTALL=1 -DCMAKE_INSTALL_PREFIX=/home/utk/bot_ws/install/bot_controller
[0.455s] Invoking command in '/home/utk/bot_ws/build/bot_controller': CMAKE_PREFIX_PATH=/home/utk/bot_ws/install/bot_description:/home/utk/mobi_ws/install/mobi_bringup:/home/utk/mobi_ws/install/mobi_gui:/home/utk/mobi_ws/install/mobi_vision:/home/utk/mobi_ws/install/mobi_speech:/opt/ros/humble:/home/utk/mobi_ws/install/rplidar_ros:/home/utk/mobi_ws/install/mobi_controller:/home/utk/mobi_ws/install/mobi_utils:/home/utk/mobi_ws/install/mobi_script:/home/utk/mobi_ws/install/mobi_planning:/home/utk/mobi_ws/install/mobi_navigation:/home/utk/mobi_ws/install/mobi_msgs:/home/utk/mobi_ws/install/mobi_localization:/home/utk/mobi_ws/install/mobi_mapping:/home/utk/mobi_ws/install/mobi_firmware:/home/utk/mobi_ws/install/mobi_description:/home/utk/microros_ws/install/micro_ros_setup:/home/utk/microros_ws/install/micro_ros_agent:/home/utk/microros_ws/install/micro_ros_msgs:/home/utk/rail_ws/install/rail_bringup:/home/utk/rail_ws/install/rail_remote:/home/utk/rail_ws/install/rail_msgs:/home/utk/rail_ws/install/rail_moveit:/home/utk/rail_ws/install/rail_firmware:/home/utk/rail_ws/install/rail_controller:/home/utk/rail_ws/install/rail_description:/home/utk/rail_ws/install/arduinobot_description /usr/bin/cmake --build /home/utk/bot_ws/build/bot_controller -- -j16 -l16
[0.482s] Invoked command in '/home/utk/bot_ws/build/bot_controller' returned '0': CMAKE_PREFIX_PATH=/home/utk/bot_ws/install/bot_description:/home/utk/mobi_ws/install/mobi_bringup:/home/utk/mobi_ws/install/mobi_gui:/home/utk/mobi_ws/install/mobi_vision:/home/utk/mobi_ws/install/mobi_speech:/opt/ros/humble:/home/utk/mobi_ws/install/rplidar_ros:/home/utk/mobi_ws/install/mobi_controller:/home/utk/mobi_ws/install/mobi_utils:/home/utk/mobi_ws/install/mobi_script:/home/utk/mobi_ws/install/mobi_planning:/home/utk/mobi_ws/install/mobi_navigation:/home/utk/mobi_ws/install/mobi_msgs:/home/utk/mobi_ws/install/mobi_localization:/home/utk/mobi_ws/install/mobi_mapping:/home/utk/mobi_ws/install/mobi_firmware:/home/utk/mobi_ws/install/mobi_description:/home/utk/microros_ws/install/micro_ros_setup:/home/utk/microros_ws/install/micro_ros_agent:/home/utk/microros_ws/install/micro_ros_msgs:/home/utk/rail_ws/install/rail_bringup:/home/utk/rail_ws/install/rail_remote:/home/utk/rail_ws/install/rail_msgs:/home/utk/rail_ws/install/rail_moveit:/home/utk/rail_ws/install/rail_firmware:/home/utk/rail_ws/install/rail_controller:/home/utk/rail_ws/install/rail_description:/home/utk/rail_ws/install/arduinobot_description /usr/bin/cmake --build /home/utk/bot_ws/build/bot_controller -- -j16 -l16
[0.483s] Invoking command in '/home/utk/bot_ws/build/bot_controller': CMAKE_PREFIX_PATH=/home/utk/bot_ws/install/bot_description:/home/utk/mobi_ws/install/mobi_bringup:/home/utk/mobi_ws/install/mobi_gui:/home/utk/mobi_ws/install/mobi_vision:/home/utk/mobi_ws/install/mobi_speech:/opt/ros/humble:/home/utk/mobi_ws/install/rplidar_ros:/home/utk/mobi_ws/install/mobi_controller:/home/utk/mobi_ws/install/mobi_utils:/home/utk/mobi_ws/install/mobi_script:/home/utk/mobi_ws/install/mobi_planning:/home/utk/mobi_ws/install/mobi_navigation:/home/utk/mobi_ws/install/mobi_msgs:/home/utk/mobi_ws/install/mobi_localization:/home/utk/mobi_ws/install/mobi_mapping:/home/utk/mobi_ws/install/mobi_firmware:/home/utk/mobi_ws/install/mobi_description:/home/utk/microros_ws/install/micro_ros_setup:/home/utk/microros_ws/install/micro_ros_agent:/home/utk/microros_ws/install/micro_ros_msgs:/home/utk/rail_ws/install/rail_bringup:/home/utk/rail_ws/install/rail_remote:/home/utk/rail_ws/install/rail_msgs:/home/utk/rail_ws/install/rail_moveit:/home/utk/rail_ws/install/rail_firmware:/home/utk/rail_ws/install/rail_controller:/home/utk/rail_ws/install/rail_description:/home/utk/rail_ws/install/arduinobot_description /usr/bin/cmake --install /home/utk/bot_ws/build/bot_controller
[0.488s] -- Install configuration: ""
[0.489s] -- Execute custom install script
[0.489s] -- Symlinking: /home/utk/bot_ws/install/bot_controller/share/bot_controller/launch/controller.launch.py
[0.495s] -- Symlinking: /home/utk/bot_ws/install/bot_controller/share/bot_controller/config/bot_controllers.yaml
[0.501s] -- Symlinking: /home/utk/bot_ws/install/bot_controller/share/ament_index/resource_index/package_run_dependencies/bot_controller
[0.506s] -- Symlinking: /home/utk/bot_ws/install/bot_controller/share/ament_index/resource_index/parent_prefix_path/bot_controller
[0.512s] -- Symlinking: /home/utk/bot_ws/install/bot_controller/share/bot_controller/environment/ament_prefix_path.sh
[0.518s] -- Symlinking: /home/utk/bot_ws/install/bot_controller/share/bot_controller/environment/ament_prefix_path.dsv
[0.523s] -- Symlinking: /home/utk/bot_ws/install/bot_controller/share/bot_controller/environment/path.sh
[0.528s] -- Symlinking: /home/utk/bot_ws/install/bot_controller/share/bot_controller/environment/path.dsv
[0.535s] -- Symlinking: /home/utk/bot_ws/install/bot_controller/share/bot_controller/local_setup.bash
[0.541s] -- Symlinking: /home/utk/bot_ws/install/bot_controller/share/bot_controller/local_setup.sh
[0.546s] -- Symlinking: /home/utk/bot_ws/install/bot_controller/share/bot_controller/local_setup.zsh
[0.553s] -- Symlinking: /home/utk/bot_ws/install/bot_controller/share/bot_controller/local_setup.dsv
[0.560s] -- Symlinking: /home/utk/bot_ws/install/bot_controller/share/bot_controller/package.dsv
[0.567s] -- Symlinking: /home/utk/bot_ws/install/bot_controller/share/ament_index/resource_index/packages/bot_controller
[0.574s] -- Symlinking: /home/utk/bot_ws/install/bot_controller/share/bot_controller/cmake/bot_controllerConfig.cmake
[0.581s] -- Symlinking: /home/utk/bot_ws/install/bot_controller/share/bot_controller/cmake/bot_controllerConfig-version.cmake
[0.589s] -- Symlinking: /home/utk/bot_ws/install/bot_controller/share/bot_controller/package.xml
[0.598s] Invoked command in '/home/utk/bot_ws/build/bot_controller' returned '0': CMAKE_PREFIX_PATH=/home/utk/bot_ws/install/bot_description:/home/utk/mobi_ws/install/mobi_bringup:/home/utk/mobi_ws/install/mobi_gui:/home/utk/mobi_ws/install/mobi_vision:/home/utk/mobi_ws/install/mobi_speech:/opt/ros/humble:/home/utk/mobi_ws/install/rplidar_ros:/home/utk/mobi_ws/install/mobi_controller:/home/utk/mobi_ws/install/mobi_utils:/home/utk/mobi_ws/install/mobi_script:/home/utk/mobi_ws/install/mobi_planning:/home/utk/mobi_ws/install/mobi_navigation:/home/utk/mobi_ws/install/mobi_msgs:/home/utk/mobi_ws/install/mobi_localization:/home/utk/mobi_ws/install/mobi_mapping:/home/utk/mobi_ws/install/mobi_firmware:/home/utk/mobi_ws/install/mobi_description:/home/utk/microros_ws/install/micro_ros_setup:/home/utk/microros_ws/install/micro_ros_agent:/home/utk/microros_ws/install/micro_ros_msgs:/home/utk/rail_ws/install/rail_bringup:/home/utk/rail_ws/install/rail_remote:/home/utk/rail_ws/install/rail_msgs:/home/utk/rail_ws/install/rail_moveit:/home/utk/rail_ws/install/rail_firmware:/home/utk/rail_ws/install/rail_controller:/home/utk/rail_ws/install/rail_description:/home/utk/rail_ws/install/arduinobot_description /usr/bin/cmake --install /home/utk/bot_ws/build/bot_controller
