-- Found ament_cmake: 1.3.11 (/opt/ros/humble/share/ament_cmake/cmake)
-- Override CMake install command with custom implementation using symlinks instead of copying resources
-- Found rclcpp: 16.0.12 (/opt/ros/humble/share/rclcpp/cmake)
-- Found rosidl_generator_c: 3.1.6 (/opt/ros/humble/share/rosidl_generator_c/cmake)
-- Found rosidl_adapter: 3.1.6 (/opt/ros/humble/share/rosidl_adapter/cmake)
-- Found rosidl_generator_cpp: 3.1.6 (/opt/ros/humble/share/rosidl_generator_cpp/cmake)
-- Using all available rosidl_typesupport_c: rosidl_typesupport_fastrtps_c;rosidl_typesupport_introspection_c
-- Using all available rosidl_typesupport_cpp: rosidl_typesupport_fastrtps_cpp;rosidl_typesupport_introspection_cpp
-- Found rmw_implementation_cmake: 6.1.2 (/opt/ros/humble/share/rmw_implementation_cmake/cmake)
-- Found rmw_cyclonedds_cpp: 1.3.4 (/opt/ros/humble/share/rmw_cyclonedds_cpp/cmake)
-- Using RMW implementation 'rmw_cyclonedds_cpp' as default
-- Found rclpy: 3.3.16 (/opt/ros/humble/share/rclpy/cmake)
-- Found geometry_msgs: 4.8.0 (/opt/ros/humble/share/geometry_msgs/cmake)
-- Found sensor_msgs: 4.8.0 (/opt/ros/humble/share/sensor_msgs/cmake)
-- Found nav_msgs: 4.8.0 (/opt/ros/humble/share/nav_msgs/cmake)
-- Found tf2_ros: 0.25.12 (/opt/ros/humble/share/tf2_ros/cmake)
-- Found trajectory_msgs: 4.8.0 (/opt/ros/humble/share/trajectory_msgs/cmake)
-- Found twist_mux_msgs: 3.0.1 (/opt/ros/humble/share/twist_mux_msgs/cmake)
-- Found visualization_msgs: 4.8.0 (/opt/ros/humble/share/visualization_msgs/cmake)
-- Configuring done
-- Generating done
-- Build files have been written to: /home/utk/bot_ws/build/bot_controller
-- Install configuration: ""
-- Execute custom install script
-- Up-to-date symlink: /home/utk/bot_ws/install/bot_controller/share/bot_controller/launch/controller.launch.py
-- Up-to-date symlink: /home/utk/bot_ws/install/bot_controller/share/bot_controller/config/bot_controllers.yaml
-- Up-to-date symlink: /home/utk/bot_ws/install/bot_controller/share/ament_index/resource_index/package_run_dependencies/bot_controller
-- Up-to-date symlink: /home/utk/bot_ws/install/bot_controller/share/ament_index/resource_index/parent_prefix_path/bot_controller
-- Up-to-date symlink: /home/utk/bot_ws/install/bot_controller/share/bot_controller/environment/ament_prefix_path.sh
-- Up-to-date symlink: /home/utk/bot_ws/install/bot_controller/share/bot_controller/environment/ament_prefix_path.dsv
-- Up-to-date symlink: /home/utk/bot_ws/install/bot_controller/share/bot_controller/environment/path.sh
-- Up-to-date symlink: /home/utk/bot_ws/install/bot_controller/share/bot_controller/environment/path.dsv
-- Up-to-date symlink: /home/utk/bot_ws/install/bot_controller/share/bot_controller/local_setup.bash
-- Up-to-date symlink: /home/utk/bot_ws/install/bot_controller/share/bot_controller/local_setup.sh
-- Up-to-date symlink: /home/utk/bot_ws/install/bot_controller/share/bot_controller/local_setup.zsh
-- Up-to-date symlink: /home/utk/bot_ws/install/bot_controller/share/bot_controller/local_setup.dsv
-- Symlinking: /home/utk/bot_ws/install/bot_controller/share/bot_controller/package.dsv
-- Up-to-date symlink: /home/utk/bot_ws/install/bot_controller/share/ament_index/resource_index/packages/bot_controller
-- Up-to-date symlink: /home/utk/bot_ws/install/bot_controller/share/bot_controller/cmake/bot_controllerConfig.cmake
-- Up-to-date symlink: /home/utk/bot_ws/install/bot_controller/share/bot_controller/cmake/bot_controllerConfig-version.cmake
-- Up-to-date symlink: /home/utk/bot_ws/install/bot_controller/share/bot_controller/package.xml
