[0.013s] Invoking command in '/home/utk/bot_ws/build/bot_controller': CMAKE_PREFIX_PATH=/home/utk/bot_ws/install/bot_description:/home/utk/mobi_ws/install/mobi_bringup:/home/utk/mobi_ws/install/mobi_gui:/home/utk/mobi_ws/install/mobi_vision:/home/utk/mobi_ws/install/mobi_speech:/opt/ros/humble:/home/utk/mobi_ws/install/rplidar_ros:/home/utk/mobi_ws/install/mobi_controller:/home/utk/mobi_ws/install/mobi_utils:/home/utk/mobi_ws/install/mobi_script:/home/utk/mobi_ws/install/mobi_planning:/home/utk/mobi_ws/install/mobi_navigation:/home/utk/mobi_ws/install/mobi_msgs:/home/utk/mobi_ws/install/mobi_localization:/home/utk/mobi_ws/install/mobi_mapping:/home/utk/mobi_ws/install/mobi_firmware:/home/utk/mobi_ws/install/mobi_description:/home/utk/microros_ws/install/micro_ros_setup:/home/utk/microros_ws/install/micro_ros_agent:/home/utk/microros_ws/install/micro_ros_msgs:/home/utk/rail_ws/install/rail_bringup:/home/utk/rail_ws/install/rail_remote:/home/utk/rail_ws/install/rail_msgs:/home/utk/rail_ws/install/rail_moveit:/home/utk/rail_ws/install/rail_firmware:/home/utk/rail_ws/install/rail_controller:/home/utk/rail_ws/install/rail_description:/home/utk/rail_ws/install/arduinobot_description /usr/bin/cmake /home/utk/bot_ws/src/bot_controller -DAMENT_CMAKE_SYMLINK_INSTALL=1 -DCMAKE_INSTALL_PREFIX=/home/utk/bot_ws/install/bot_controller
[0.055s] -- The C compiler identification is GNU 11.4.0
[0.092s] -- The CXX compiler identification is GNU 11.4.0
[0.096s] -- Detecting C compiler ABI info
[0.145s] -- Detecting C compiler ABI info - done
[0.152s] -- Check for working C compiler: /usr/bin/cc - skipped
[0.152s] -- Detecting C compile features
[0.152s] -- Detecting C compile features - done
[0.155s] -- Detecting CXX compiler ABI info
[0.210s] -- Detecting CXX compiler ABI info - done
[0.214s] -- Check for working CXX compiler: /usr/bin/c++ - skipped
[0.214s] -- Detecting CXX compile features
[0.215s] -- Detecting CXX compile features - done
[0.217s] -- Found ament_cmake: 1.3.11 (/opt/ros/humble/share/ament_cmake/cmake)
[0.343s] -- Found Python3: /usr/bin/python3 (found version "3.10.12") found components: Interpreter 
[0.404s] -- Override CMake install command with custom implementation using symlinks instead of copying resources
[0.436s] -- Found rclcpp: 16.0.12 (/opt/ros/humble/share/rclcpp/cmake)
[0.494s] -- Found rosidl_generator_c: 3.1.6 (/opt/ros/humble/share/rosidl_generator_c/cmake)
[0.502s] -- Found rosidl_adapter: 3.1.6 (/opt/ros/humble/share/rosidl_adapter/cmake)
[0.512s] -- Found rosidl_generator_cpp: 3.1.6 (/opt/ros/humble/share/rosidl_generator_cpp/cmake)
[0.531s] -- Using all available rosidl_typesupport_c: rosidl_typesupport_fastrtps_c;rosidl_typesupport_introspection_c
[0.552s] -- Using all available rosidl_typesupport_cpp: rosidl_typesupport_fastrtps_cpp;rosidl_typesupport_introspection_cpp
[0.607s] -- Found rmw_implementation_cmake: 6.1.2 (/opt/ros/humble/share/rmw_implementation_cmake/cmake)
[0.612s] -- Found rmw_cyclonedds_cpp: 1.3.4 (/opt/ros/humble/share/rmw_cyclonedds_cpp/cmake)
[0.643s] -- Using RMW implementation 'rmw_cyclonedds_cpp' as default
[0.656s] -- Looking for pthread.h
[0.713s] -- Looking for pthread.h - found
[0.713s] -- Performing Test CMAKE_HAVE_LIBC_PTHREAD
[0.763s] -- Performing Test CMAKE_HAVE_LIBC_PTHREAD - Success
[0.764s] -- Found Threads: TRUE  
[0.819s] -- Found rclpy: 3.3.16 (/opt/ros/humble/share/rclpy/cmake)
[0.821s] -- Found geometry_msgs: 4.8.0 (/opt/ros/humble/share/geometry_msgs/cmake)
[0.835s] -- Found sensor_msgs: 4.8.0 (/opt/ros/humble/share/sensor_msgs/cmake)
[0.853s] -- Found tf2_ros: 0.25.12 (/opt/ros/humble/share/tf2_ros/cmake)
[0.981s] -- Found trajectory_msgs: 4.8.0 (/opt/ros/humble/share/trajectory_msgs/cmake)
[1.048s] -- Configuring done
[1.050s] [31mCMake Error at CMakeLists.txt:16 (add_executable):
[1.050s]   Cannot find source file:
[1.050s] 
[1.050s]     src/slider_control.cpp
[1.050s] 
[1.050s]   Tried extensions .c .C .c++ .cc .cpp .cxx .cu .mpp .m .M .mm .ixx .cppm .h
[1.050s]   .hh .h++ .hm .hpp .hxx .in .txx .f .F .for .f77 .f90 .f95 .f03 .hip .ispc
[1.050s] 
[1.050s] [0m
[1.050s] [31mCMake Error at CMakeLists.txt:16 (add_executable):
[1.050s]   No SOURCES given to target: slider_control
[1.051s] 
[1.051s] [0m
[1.051s] [0mCMake Generate step failed.  Build files cannot be regenerated correctly.[0m
[1.057s] Invoked command in '/home/utk/bot_ws/build/bot_controller' returned '1': CMAKE_PREFIX_PATH=/home/utk/bot_ws/install/bot_description:/home/utk/mobi_ws/install/mobi_bringup:/home/utk/mobi_ws/install/mobi_gui:/home/utk/mobi_ws/install/mobi_vision:/home/utk/mobi_ws/install/mobi_speech:/opt/ros/humble:/home/utk/mobi_ws/install/rplidar_ros:/home/utk/mobi_ws/install/mobi_controller:/home/utk/mobi_ws/install/mobi_utils:/home/utk/mobi_ws/install/mobi_script:/home/utk/mobi_ws/install/mobi_planning:/home/utk/mobi_ws/install/mobi_navigation:/home/utk/mobi_ws/install/mobi_msgs:/home/utk/mobi_ws/install/mobi_localization:/home/utk/mobi_ws/install/mobi_mapping:/home/utk/mobi_ws/install/mobi_firmware:/home/utk/mobi_ws/install/mobi_description:/home/utk/microros_ws/install/micro_ros_setup:/home/utk/microros_ws/install/micro_ros_agent:/home/utk/microros_ws/install/micro_ros_msgs:/home/utk/rail_ws/install/rail_bringup:/home/utk/rail_ws/install/rail_remote:/home/utk/rail_ws/install/rail_msgs:/home/utk/rail_ws/install/rail_moveit:/home/utk/rail_ws/install/rail_firmware:/home/utk/rail_ws/install/rail_controller:/home/utk/rail_ws/install/rail_description:/home/utk/rail_ws/install/arduinobot_description /usr/bin/cmake /home/utk/bot_ws/src/bot_controller -DAMENT_CMAKE_SYMLINK_INSTALL=1 -DCMAKE_INSTALL_PREFIX=/home/utk/bot_ws/install/bot_controller
