[0.103s] [34mcolcon[0m [1;30mDEBUG[0m [32mCommand line arguments: ['/usr/bin/colcon', 'build', '--symlink-install'][0m
[0.103s] [34mcolcon[0m [1;30mDEBUG[0m [32mParsed command line arguments: Namespace(log_base=None, log_level=None, verb_name='build', build_base='build', install_base='install', merge_install=False, symlink_install=True, test_result_base=None, continue_on_error=False, executor='parallel', parallel_workers=16, event_handlers=None, ignore_user_meta=False, metas=['./colcon.meta'], base_paths=['.'], packages_ignore=None, packages_ignore_regex=None, paths=None, packages_up_to=None, packages_up_to_regex=None, packages_above=None, packages_above_and_dependencies=None, packages_above_depth=None, packages_select_by_dep=None, packages_skip_by_dep=None, packages_skip_up_to=None, packages_select_build_failed=False, packages_skip_build_finished=False, packages_select_test_failures=False, packages_skip_test_passed=False, packages_select=None, packages_skip=None, packages_select_regex=None, packages_skip_regex=None, packages_start=None, packages_end=None, allow_overriding=[], cmake_args=None, cmake_target=None, cmake_target_skip_unavailable=False, cmake_clean_cache=False, cmake_clean_first=False, cmake_force_configure=False, ament_cmake_args=None, catkin_cmake_args=None, catkin_skip_building_tests=False, mixin_files=None, mixin=None, verb_parser=<colcon_mixin.mixin.mixin_argument.MixinArgumentDecorator object at 0x7af2803790f0>, verb_extension=<colcon_core.verb.build.BuildVerb object at 0x7af2804f1720>, main=<bound method BuildVerb.main of <colcon_core.verb.build.BuildVerb object at 0x7af2804f1720>>, mixin_verb=('build',))[0m
[0.293s] [34mcolcon.colcon_core.package_discovery[0m [1;30mLevel 1[0m discover_packages(colcon_meta) check parameters
[0.294s] [34mcolcon.colcon_core.package_discovery[0m [1;30mLevel 1[0m discover_packages(recursive) check parameters
[0.294s] [34mcolcon.colcon_core.package_discovery[0m [1;30mLevel 1[0m discover_packages(ignore) check parameters
[0.294s] [34mcolcon.colcon_core.package_discovery[0m [1;30mLevel 1[0m discover_packages(path) check parameters
[0.294s] [34mcolcon.colcon_core.package_discovery[0m [1;30mLevel 1[0m discover_packages(colcon_meta) discover
[0.294s] [34mcolcon.colcon_core.package_discovery[0m [1;30mLevel 1[0m discover_packages(recursive) discover
[0.294s] [34mcolcon.colcon_core.package_discovery[0m [1;30mINFO[0m Crawling recursively for packages in '/home/utk/bot_ws'
[0.294s] [34mcolcon.colcon_core.package_identification[0m [1;30mLevel 1[0m _identify(.) by extensions ['ignore', 'ignore_ament_install']
[0.294s] [34mcolcon.colcon_core.package_identification[0m [1;30mLevel 1[0m _identify(.) by extension 'ignore'
[0.294s] [34mcolcon.colcon_core.package_identification[0m [1;30mLevel 1[0m _identify(.) by extension 'ignore_ament_install'
[0.294s] [34mcolcon.colcon_core.package_identification[0m [1;30mLevel 1[0m _identify(.) by extensions ['colcon_pkg']
[0.294s] [34mcolcon.colcon_core.package_identification[0m [1;30mLevel 1[0m _identify(.) by extension 'colcon_pkg'
[0.294s] [34mcolcon.colcon_core.package_identification[0m [1;30mLevel 1[0m _identify(.) by extensions ['colcon_meta']
[0.294s] [34mcolcon.colcon_core.package_identification[0m [1;30mLevel 1[0m _identify(.) by extension 'colcon_meta'
[0.294s] [34mcolcon.colcon_core.package_identification[0m [1;30mLevel 1[0m _identify(.) by extensions ['ros']
[0.294s] [34mcolcon.colcon_core.package_identification[0m [1;30mLevel 1[0m _identify(.) by extension 'ros'
[0.302s] [34mcolcon.colcon_core.package_identification[0m [1;30mLevel 1[0m _identify(.) by extensions ['cmake', 'python']
[0.303s] [34mcolcon.colcon_core.package_identification[0m [1;30mLevel 1[0m _identify(.) by extension 'cmake'
[0.303s] [34mcolcon.colcon_core.package_identification[0m [1;30mLevel 1[0m _identify(.) by extension 'python'
[0.303s] [34mcolcon.colcon_core.package_identification[0m [1;30mLevel 1[0m _identify(.) by extensions ['python_setup_py']
[0.303s] [34mcolcon.colcon_core.package_identification[0m [1;30mLevel 1[0m _identify(.) by extension 'python_setup_py'
[0.303s] [34mcolcon.colcon_core.package_identification[0m [1;30mLevel 1[0m _identify(build) by extensions ['ignore', 'ignore_ament_install']
[0.303s] [34mcolcon.colcon_core.package_identification[0m [1;30mLevel 1[0m _identify(build) by extension 'ignore'
[0.303s] [34mcolcon.colcon_core.package_identification[0m [1;30mLevel 1[0m _identify(build) ignored
[0.303s] [34mcolcon.colcon_core.package_identification[0m [1;30mLevel 1[0m _identify(install) by extensions ['ignore', 'ignore_ament_install']
[0.303s] [34mcolcon.colcon_core.package_identification[0m [1;30mLevel 1[0m _identify(install) by extension 'ignore'
[0.303s] [34mcolcon.colcon_core.package_identification[0m [1;30mLevel 1[0m _identify(install) ignored
[0.303s] [34mcolcon.colcon_core.package_identification[0m [1;30mLevel 1[0m _identify(log) by extensions ['ignore', 'ignore_ament_install']
[0.303s] [34mcolcon.colcon_core.package_identification[0m [1;30mLevel 1[0m _identify(log) by extension 'ignore'
[0.303s] [34mcolcon.colcon_core.package_identification[0m [1;30mLevel 1[0m _identify(log) ignored
[0.303s] [34mcolcon.colcon_core.package_identification[0m [1;30mLevel 1[0m _identify(src) by extensions ['ignore', 'ignore_ament_install']
[0.303s] [34mcolcon.colcon_core.package_identification[0m [1;30mLevel 1[0m _identify(src) by extension 'ignore'
[0.303s] [34mcolcon.colcon_core.package_identification[0m [1;30mLevel 1[0m _identify(src) by extension 'ignore_ament_install'
[0.303s] [34mcolcon.colcon_core.package_identification[0m [1;30mLevel 1[0m _identify(src) by extensions ['colcon_pkg']
[0.303s] [34mcolcon.colcon_core.package_identification[0m [1;30mLevel 1[0m _identify(src) by extension 'colcon_pkg'
[0.303s] [34mcolcon.colcon_core.package_identification[0m [1;30mLevel 1[0m _identify(src) by extensions ['colcon_meta']
[0.304s] [34mcolcon.colcon_core.package_identification[0m [1;30mLevel 1[0m _identify(src) by extension 'colcon_meta'
[0.304s] [34mcolcon.colcon_core.package_identification[0m [1;30mLevel 1[0m _identify(src) by extensions ['ros']
[0.304s] [34mcolcon.colcon_core.package_identification[0m [1;30mLevel 1[0m _identify(src) by extension 'ros'
[0.304s] [34mcolcon.colcon_core.package_identification[0m [1;30mLevel 1[0m _identify(src) by extensions ['cmake', 'python']
[0.304s] [34mcolcon.colcon_core.package_identification[0m [1;30mLevel 1[0m _identify(src) by extension 'cmake'
[0.304s] [34mcolcon.colcon_core.package_identification[0m [1;30mLevel 1[0m _identify(src) by extension 'python'
[0.304s] [34mcolcon.colcon_core.package_identification[0m [1;30mLevel 1[0m _identify(src) by extensions ['python_setup_py']
[0.304s] [34mcolcon.colcon_core.package_identification[0m [1;30mLevel 1[0m _identify(src) by extension 'python_setup_py'
[0.304s] [34mcolcon.colcon_core.package_identification[0m [1;30mLevel 1[0m _identify(src/bot_description) by extensions ['ignore', 'ignore_ament_install']
[0.304s] [34mcolcon.colcon_core.package_identification[0m [1;30mLevel 1[0m _identify(src/bot_description) by extension 'ignore'
[0.304s] [34mcolcon.colcon_core.package_identification[0m [1;30mLevel 1[0m _identify(src/bot_description) by extension 'ignore_ament_install'
[0.304s] [34mcolcon.colcon_core.package_identification[0m [1;30mLevel 1[0m _identify(src/bot_description) by extensions ['colcon_pkg']
[0.304s] [34mcolcon.colcon_core.package_identification[0m [1;30mLevel 1[0m _identify(src/bot_description) by extension 'colcon_pkg'
[0.304s] [34mcolcon.colcon_core.package_identification[0m [1;30mLevel 1[0m _identify(src/bot_description) by extensions ['colcon_meta']
[0.304s] [34mcolcon.colcon_core.package_identification[0m [1;30mLevel 1[0m _identify(src/bot_description) by extension 'colcon_meta'
[0.304s] [34mcolcon.colcon_core.package_identification[0m [1;30mLevel 1[0m _identify(src/bot_description) by extensions ['ros']
[0.304s] [34mcolcon.colcon_core.package_identification[0m [1;30mLevel 1[0m _identify(src/bot_description) by extension 'ros'
[0.306s] [34mcolcon.colcon_core.package_identification[0m [1;30mDEBUG[0m [32mPackage 'src/bot_description' with type 'ros.ament_cmake' and name 'bot_description'[0m
[0.306s] [34mcolcon.colcon_core.package_discovery[0m [1;30mLevel 1[0m discover_packages(recursive) using defaults
[0.306s] [34mcolcon.colcon_core.package_discovery[0m [1;30mLevel 1[0m discover_packages(ignore) discover
[0.306s] [34mcolcon.colcon_core.package_discovery[0m [1;30mLevel 1[0m discover_packages(ignore) using defaults
[0.306s] [34mcolcon.colcon_core.package_discovery[0m [1;30mLevel 1[0m discover_packages(path) discover
[0.306s] [34mcolcon.colcon_core.package_discovery[0m [1;30mLevel 1[0m discover_packages(path) using defaults
[0.320s] [34mcolcon.colcon_core.package_discovery[0m [1;30mLevel 1[0m discover_packages(prefix_path) check parameters
[0.320s] [34mcolcon.colcon_core.package_discovery[0m [1;30mLevel 1[0m discover_packages(prefix_path) discover
[0.322s] [34mcolcon.colcon_installed_package_information.package_discovery[0m [1;30mDEBUG[0m [32mFound 1 installed packages in /home/utk/bot_ws/install[0m
[0.322s] [34mcolcon.colcon_installed_package_information.package_discovery[0m [1;30mDEBUG[0m [32mFound 3 installed packages in /home/utk/microros_ws/install[0m
[0.323s] [34mcolcon.colcon_installed_package_information.package_discovery[0m [1;30mDEBUG[0m [32mFound 15 installed packages in /home/utk/mobi_ws/install[0m
[0.323s] [34mcolcon.colcon_installed_package_information.package_discovery[0m [1;30mDEBUG[0m [32mFound 9 installed packages in /home/utk/rail_ws/install[0m
[0.325s] [34mcolcon.colcon_installed_package_information.package_discovery[0m [1;30mDEBUG[0m [32mFound 472 installed packages in /opt/ros/humble[0m
[0.327s] [34mcolcon.colcon_core.package_discovery[0m [1;30mLevel 1[0m discover_packages(prefix_path) using defaults
[0.369s] [34mcolcon.colcon_core.verb[0m [1;30mLevel 5[0m set package 'bot_description' build argument 'cmake_args' from command line to 'None'
[0.369s] [34mcolcon.colcon_core.verb[0m [1;30mLevel 5[0m set package 'bot_description' build argument 'cmake_target' from command line to 'None'
[0.369s] [34mcolcon.colcon_core.verb[0m [1;30mLevel 5[0m set package 'bot_description' build argument 'cmake_target_skip_unavailable' from command line to 'False'
[0.369s] [34mcolcon.colcon_core.verb[0m [1;30mLevel 5[0m set package 'bot_description' build argument 'cmake_clean_cache' from command line to 'False'
[0.369s] [34mcolcon.colcon_core.verb[0m [1;30mLevel 5[0m set package 'bot_description' build argument 'cmake_clean_first' from command line to 'False'
[0.369s] [34mcolcon.colcon_core.verb[0m [1;30mLevel 5[0m set package 'bot_description' build argument 'cmake_force_configure' from command line to 'False'
[0.369s] [34mcolcon.colcon_core.verb[0m [1;30mLevel 5[0m set package 'bot_description' build argument 'ament_cmake_args' from command line to 'None'
[0.369s] [34mcolcon.colcon_core.verb[0m [1;30mLevel 5[0m set package 'bot_description' build argument 'catkin_cmake_args' from command line to 'None'
[0.369s] [34mcolcon.colcon_core.verb[0m [1;30mLevel 5[0m set package 'bot_description' build argument 'catkin_skip_building_tests' from command line to 'False'
[0.369s] [34mcolcon.colcon_core.verb[0m [1;30mDEBUG[0m [32mBuilding package 'bot_description' with the following arguments: {'ament_cmake_args': None, 'build_base': '/home/utk/bot_ws/build/bot_description', 'catkin_cmake_args': None, 'catkin_skip_building_tests': False, 'cmake_args': None, 'cmake_clean_cache': False, 'cmake_clean_first': False, 'cmake_force_configure': False, 'cmake_target': None, 'cmake_target_skip_unavailable': False, 'install_base': '/home/utk/bot_ws/install/bot_description', 'merge_install': False, 'path': '/home/utk/bot_ws/src/bot_description', 'symlink_install': True, 'test_result_base': None}[0m
[0.369s] [34mcolcon.colcon_core.executor[0m [1;30mINFO[0m Executing jobs using 'parallel' executor
[0.370s] [34mcolcon.colcon_parallel_executor.executor.parallel[0m [1;30mDEBUG[0m [32mrun_until_complete[0m
[0.370s] [34mcolcon.colcon_ros.task.ament_cmake.build[0m [1;30mINFO[0m Building ROS package in '/home/utk/bot_ws/src/bot_description' with build type 'ament_cmake'
[0.370s] [34mcolcon.colcon_cmake.task.cmake.build[0m [1;30mINFO[0m Building CMake package in '/home/utk/bot_ws/src/bot_description'
[0.372s] [34mcolcon.colcon_core.plugin_system[0m [1;30mINFO[0m Skipping extension 'colcon_core.shell.bat': Not used on non-Windows systems
[0.372s] [34mcolcon.colcon_core.shell[0m [1;30mINFO[0m Skip shell extension 'powershell' for command environment: Not usable outside of PowerShell
[0.372s] [34mcolcon.colcon_core.shell[0m [1;30mDEBUG[0m [32mSkip shell extension 'dsv' for command environment[0m
[0.382s] [34mcolcon.colcon_core.event_handler.log_command[0m [1;30mDEBUG[0m [32mInvoking command in '/home/utk/bot_ws/build/bot_description': CMAKE_PREFIX_PATH=/home/utk/bot_ws/install/bot_description:/home/utk/mobi_ws/install/mobi_bringup:/home/utk/mobi_ws/install/mobi_gui:/home/utk/mobi_ws/install/mobi_vision:/home/utk/mobi_ws/install/mobi_speech:/opt/ros/humble:/home/utk/mobi_ws/install/rplidar_ros:/home/utk/mobi_ws/install/mobi_controller:/home/utk/mobi_ws/install/mobi_utils:/home/utk/mobi_ws/install/mobi_script:/home/utk/mobi_ws/install/mobi_planning:/home/utk/mobi_ws/install/mobi_navigation:/home/utk/mobi_ws/install/mobi_msgs:/home/utk/mobi_ws/install/mobi_localization:/home/utk/mobi_ws/install/mobi_mapping:/home/utk/mobi_ws/install/mobi_firmware:/home/utk/mobi_ws/install/mobi_description:/home/utk/microros_ws/install/micro_ros_setup:/home/utk/microros_ws/install/micro_ros_agent:/home/utk/microros_ws/install/micro_ros_msgs:/home/utk/rail_ws/install/rail_bringup:/home/utk/rail_ws/install/rail_remote:/home/utk/rail_ws/install/rail_msgs:/home/utk/rail_ws/install/rail_moveit:/home/utk/rail_ws/install/rail_firmware:/home/utk/rail_ws/install/rail_controller:/home/utk/rail_ws/install/rail_description:/home/utk/rail_ws/install/arduinobot_description /usr/bin/cmake --build /home/utk/bot_ws/build/bot_description -- -j16 -l16[0m
[0.409s] [34mcolcon.colcon_core.event_handler.log_command[0m [1;30mDEBUG[0m [32mInvoked command in '/home/utk/bot_ws/build/bot_description' returned '0': CMAKE_PREFIX_PATH=/home/utk/bot_ws/install/bot_description:/home/utk/mobi_ws/install/mobi_bringup:/home/utk/mobi_ws/install/mobi_gui:/home/utk/mobi_ws/install/mobi_vision:/home/utk/mobi_ws/install/mobi_speech:/opt/ros/humble:/home/utk/mobi_ws/install/rplidar_ros:/home/utk/mobi_ws/install/mobi_controller:/home/utk/mobi_ws/install/mobi_utils:/home/utk/mobi_ws/install/mobi_script:/home/utk/mobi_ws/install/mobi_planning:/home/utk/mobi_ws/install/mobi_navigation:/home/utk/mobi_ws/install/mobi_msgs:/home/utk/mobi_ws/install/mobi_localization:/home/utk/mobi_ws/install/mobi_mapping:/home/utk/mobi_ws/install/mobi_firmware:/home/utk/mobi_ws/install/mobi_description:/home/utk/microros_ws/install/micro_ros_setup:/home/utk/microros_ws/install/micro_ros_agent:/home/utk/microros_ws/install/micro_ros_msgs:/home/utk/rail_ws/install/rail_bringup:/home/utk/rail_ws/install/rail_remote:/home/utk/rail_ws/install/rail_msgs:/home/utk/rail_ws/install/rail_moveit:/home/utk/rail_ws/install/rail_firmware:/home/utk/rail_ws/install/rail_controller:/home/utk/rail_ws/install/rail_description:/home/utk/rail_ws/install/arduinobot_description /usr/bin/cmake --build /home/utk/bot_ws/build/bot_description -- -j16 -l16[0m
[0.417s] [34mcolcon.colcon_core.event_handler.log_command[0m [1;30mDEBUG[0m [32mInvoking command in '/home/utk/bot_ws/build/bot_description': CMAKE_PREFIX_PATH=/home/utk/bot_ws/install/bot_description:/home/utk/mobi_ws/install/mobi_bringup:/home/utk/mobi_ws/install/mobi_gui:/home/utk/mobi_ws/install/mobi_vision:/home/utk/mobi_ws/install/mobi_speech:/opt/ros/humble:/home/utk/mobi_ws/install/rplidar_ros:/home/utk/mobi_ws/install/mobi_controller:/home/utk/mobi_ws/install/mobi_utils:/home/utk/mobi_ws/install/mobi_script:/home/utk/mobi_ws/install/mobi_planning:/home/utk/mobi_ws/install/mobi_navigation:/home/utk/mobi_ws/install/mobi_msgs:/home/utk/mobi_ws/install/mobi_localization:/home/utk/mobi_ws/install/mobi_mapping:/home/utk/mobi_ws/install/mobi_firmware:/home/utk/mobi_ws/install/mobi_description:/home/utk/microros_ws/install/micro_ros_setup:/home/utk/microros_ws/install/micro_ros_agent:/home/utk/microros_ws/install/micro_ros_msgs:/home/utk/rail_ws/install/rail_bringup:/home/utk/rail_ws/install/rail_remote:/home/utk/rail_ws/install/rail_msgs:/home/utk/rail_ws/install/rail_moveit:/home/utk/rail_ws/install/rail_firmware:/home/utk/rail_ws/install/rail_controller:/home/utk/rail_ws/install/rail_description:/home/utk/rail_ws/install/arduinobot_description /usr/bin/cmake --install /home/utk/bot_ws/build/bot_description[0m
[0.432s] [34mcolcon.colcon_core.environment[0m [1;30mLevel 1[0m create_environment_scripts_only(bot_description)
[0.432s] [34mcolcon.colcon_core.event_handler.log_command[0m [1;30mDEBUG[0m [32mInvoked command in '/home/utk/bot_ws/build/bot_description' returned '0': CMAKE_PREFIX_PATH=/home/utk/bot_ws/install/bot_description:/home/utk/mobi_ws/install/mobi_bringup:/home/utk/mobi_ws/install/mobi_gui:/home/utk/mobi_ws/install/mobi_vision:/home/utk/mobi_ws/install/mobi_speech:/opt/ros/humble:/home/utk/mobi_ws/install/rplidar_ros:/home/utk/mobi_ws/install/mobi_controller:/home/utk/mobi_ws/install/mobi_utils:/home/utk/mobi_ws/install/mobi_script:/home/utk/mobi_ws/install/mobi_planning:/home/utk/mobi_ws/install/mobi_navigation:/home/utk/mobi_ws/install/mobi_msgs:/home/utk/mobi_ws/install/mobi_localization:/home/utk/mobi_ws/install/mobi_mapping:/home/utk/mobi_ws/install/mobi_firmware:/home/utk/mobi_ws/install/mobi_description:/home/utk/microros_ws/install/micro_ros_setup:/home/utk/microros_ws/install/micro_ros_agent:/home/utk/microros_ws/install/micro_ros_msgs:/home/utk/rail_ws/install/rail_bringup:/home/utk/rail_ws/install/rail_remote:/home/utk/rail_ws/install/rail_msgs:/home/utk/rail_ws/install/rail_moveit:/home/utk/rail_ws/install/rail_firmware:/home/utk/rail_ws/install/rail_controller:/home/utk/rail_ws/install/rail_description:/home/utk/rail_ws/install/arduinobot_description /usr/bin/cmake --install /home/utk/bot_ws/build/bot_description[0m
[0.434s] [34mcolcon.colcon_core.environment[0m [1;30mLevel 1[0m checking '/home/utk/bot_ws/install/bot_description' for CMake module files
[0.434s] [34mcolcon.colcon_core.environment[0m [1;30mLevel 1[0m checking '/home/utk/bot_ws/install/bot_description' for CMake config files
[0.434s] [34mcolcon.colcon_core.shell[0m [1;30mLevel 1[0m create_environment_hook('bot_description', 'cmake_prefix_path')
[0.434s] [34mcolcon.colcon_core.shell[0m [1;30mINFO[0m Creating environment hook '/home/utk/bot_ws/install/bot_description/share/bot_description/hook/cmake_prefix_path.ps1'
[0.435s] [34mcolcon.colcon_core.shell[0m [1;30mINFO[0m Creating environment descriptor '/home/utk/bot_ws/install/bot_description/share/bot_description/hook/cmake_prefix_path.dsv'
[0.435s] [34mcolcon.colcon_core.shell[0m [1;30mINFO[0m Creating environment hook '/home/utk/bot_ws/install/bot_description/share/bot_description/hook/cmake_prefix_path.sh'
[0.436s] [34mcolcon.colcon_core.environment[0m [1;30mLevel 1[0m checking '/home/utk/bot_ws/install/bot_description/bin'
[0.436s] [34mcolcon.colcon_core.environment[0m [1;30mLevel 1[0m checking '/home/utk/bot_ws/install/bot_description/lib/pkgconfig/bot_description.pc'
[0.436s] [34mcolcon.colcon_core.environment[0m [1;30mLevel 1[0m checking '/home/utk/bot_ws/install/bot_description/lib/python3.10/site-packages'
[0.436s] [34mcolcon.colcon_core.environment[0m [1;30mLevel 1[0m checking '/home/utk/bot_ws/install/bot_description/bin'
[0.436s] [34mcolcon.colcon_core.shell[0m [1;30mINFO[0m Creating package script '/home/utk/bot_ws/install/bot_description/share/bot_description/package.ps1'
[0.437s] [34mcolcon.colcon_core.shell[0m [1;30mINFO[0m Creating package descriptor '/home/utk/bot_ws/install/bot_description/share/bot_description/package.dsv'
[0.437s] [34mcolcon.colcon_core.shell[0m [1;30mINFO[0m Creating package script '/home/utk/bot_ws/install/bot_description/share/bot_description/package.sh'
[0.438s] [34mcolcon.colcon_core.shell[0m [1;30mINFO[0m Creating package script '/home/utk/bot_ws/install/bot_description/share/bot_description/package.bash'
[0.438s] [34mcolcon.colcon_core.shell[0m [1;30mINFO[0m Creating package script '/home/utk/bot_ws/install/bot_description/share/bot_description/package.zsh'
[0.438s] [34mcolcon.colcon_core.environment[0m [1;30mLevel 1[0m create_file_with_runtime_dependencies(/home/utk/bot_ws/install/bot_description/share/colcon-core/packages/bot_description)
[0.439s] [34mcolcon.colcon_core.environment[0m [1;30mLevel 1[0m create_environment_scripts_only(bot_description)
[0.439s] [34mcolcon.colcon_core.environment[0m [1;30mLevel 1[0m checking '/home/utk/bot_ws/install/bot_description' for CMake module files
[0.439s] [34mcolcon.colcon_core.environment[0m [1;30mLevel 1[0m checking '/home/utk/bot_ws/install/bot_description' for CMake config files
[0.439s] [34mcolcon.colcon_core.shell[0m [1;30mLevel 1[0m create_environment_hook('bot_description', 'cmake_prefix_path')
[0.440s] [34mcolcon.colcon_core.shell[0m [1;30mINFO[0m Creating environment hook '/home/utk/bot_ws/install/bot_description/share/bot_description/hook/cmake_prefix_path.ps1'
[0.440s] [34mcolcon.colcon_core.shell[0m [1;30mINFO[0m Creating environment descriptor '/home/utk/bot_ws/install/bot_description/share/bot_description/hook/cmake_prefix_path.dsv'
[0.440s] [34mcolcon.colcon_core.shell[0m [1;30mINFO[0m Creating environment hook '/home/utk/bot_ws/install/bot_description/share/bot_description/hook/cmake_prefix_path.sh'
[0.440s] [34mcolcon.colcon_core.environment[0m [1;30mLevel 1[0m checking '/home/utk/bot_ws/install/bot_description/bin'
[0.440s] [34mcolcon.colcon_core.environment[0m [1;30mLevel 1[0m checking '/home/utk/bot_ws/install/bot_description/lib/pkgconfig/bot_description.pc'
[0.441s] [34mcolcon.colcon_core.environment[0m [1;30mLevel 1[0m checking '/home/utk/bot_ws/install/bot_description/lib/python3.10/site-packages'
[0.441s] [34mcolcon.colcon_core.environment[0m [1;30mLevel 1[0m checking '/home/utk/bot_ws/install/bot_description/bin'
[0.441s] [34mcolcon.colcon_core.shell[0m [1;30mINFO[0m Creating package script '/home/utk/bot_ws/install/bot_description/share/bot_description/package.ps1'
[0.441s] [34mcolcon.colcon_core.shell[0m [1;30mINFO[0m Creating package descriptor '/home/utk/bot_ws/install/bot_description/share/bot_description/package.dsv'
[0.441s] [34mcolcon.colcon_core.shell[0m [1;30mINFO[0m Creating package script '/home/utk/bot_ws/install/bot_description/share/bot_description/package.sh'
[0.442s] [34mcolcon.colcon_core.shell[0m [1;30mINFO[0m Creating package script '/home/utk/bot_ws/install/bot_description/share/bot_description/package.bash'
[0.442s] [34mcolcon.colcon_core.shell[0m [1;30mINFO[0m Creating package script '/home/utk/bot_ws/install/bot_description/share/bot_description/package.zsh'
[0.442s] [34mcolcon.colcon_core.environment[0m [1;30mLevel 1[0m create_file_with_runtime_dependencies(/home/utk/bot_ws/install/bot_description/share/colcon-core/packages/bot_description)
[0.442s] [34mcolcon.colcon_parallel_executor.executor.parallel[0m [1;30mDEBUG[0m [32mclosing loop[0m
[0.442s] [34mcolcon.colcon_parallel_executor.executor.parallel[0m [1;30mDEBUG[0m [32mloop closed[0m
[0.443s] [34mcolcon.colcon_parallel_executor.executor.parallel[0m [1;30mDEBUG[0m [32mrun_until_complete finished with '0'[0m
[0.443s] [34mcolcon.colcon_core.event_reactor[0m [1;30mDEBUG[0m [32mjoining thread[0m
[0.446s] [34mcolcon.colcon_core.plugin_system[0m [1;30mINFO[0m Skipping extension 'colcon_notification.desktop_notification.terminal_notifier': Not used on non-Darwin systems
[0.446s] [34mcolcon.colcon_core.plugin_system[0m [1;30mINFO[0m Skipping extension 'colcon_notification.desktop_notification.win32': Not used on non-Windows systems
[0.446s] [34mcolcon.colcon_notification.desktop_notification[0m [1;30mINFO[0m Sending desktop notification using 'notify2'
[0.454s] [34mcolcon.colcon_core.event_reactor[0m [1;30mDEBUG[0m [32mjoined thread[0m
[0.454s] [34mcolcon.colcon_core.shell[0m [1;30mINFO[0m Creating prefix script '/home/utk/bot_ws/install/local_setup.ps1'
[0.455s] [34mcolcon.colcon_core.shell[0m [1;30mINFO[0m Creating prefix util module '/home/utk/bot_ws/install/_local_setup_util_ps1.py'
[0.456s] [34mcolcon.colcon_core.shell[0m [1;30mINFO[0m Creating prefix chain script '/home/utk/bot_ws/install/setup.ps1'
[0.457s] [34mcolcon.colcon_core.shell[0m [1;30mINFO[0m Creating prefix script '/home/utk/bot_ws/install/local_setup.sh'
[0.458s] [34mcolcon.colcon_core.shell[0m [1;30mINFO[0m Creating prefix util module '/home/utk/bot_ws/install/_local_setup_util_sh.py'
[0.458s] [34mcolcon.colcon_core.shell[0m [1;30mINFO[0m Creating prefix chain script '/home/utk/bot_ws/install/setup.sh'
[0.459s] [34mcolcon.colcon_core.shell[0m [1;30mINFO[0m Creating prefix script '/home/utk/bot_ws/install/local_setup.bash'
[0.460s] [34mcolcon.colcon_core.shell[0m [1;30mINFO[0m Creating prefix chain script '/home/utk/bot_ws/install/setup.bash'
[0.461s] [34mcolcon.colcon_core.shell[0m [1;30mINFO[0m Creating prefix script '/home/utk/bot_ws/install/local_setup.zsh'
[0.461s] [34mcolcon.colcon_core.shell[0m [1;30mINFO[0m Creating prefix chain script '/home/utk/bot_ws/install/setup.zsh'
