[0.019s] Invoking command in '/home/utk/bot_ws/build/bot_controller': CMAKE_PREFIX_PATH=/home/utk/bot_ws/install/bot_bringup:/home/utk/bot_ws/install/bot_description:/home/utk/bot_ws/install/bot_controller:/home/utk/mobi_ws/install/mobi_bringup:/home/utk/bot_ws/install/bot_script:/home/utk/mobi_ws/install/mobi_gui:/home/utk/mobi_ws/install/mobi_vision:/home/utk/mobi_ws/install/mobi_speech:/opt/ros/humble:/home/utk/mobi_ws/install/rplidar_ros:/home/utk/mobi_ws/install/mobi_controller:/home/utk/mobi_ws/install/mobi_utils:/home/utk/mobi_ws/install/mobi_script:/home/utk/mobi_ws/install/mobi_planning:/home/utk/mobi_ws/install/mobi_navigation:/home/utk/mobi_ws/install/mobi_msgs:/home/utk/mobi_ws/install/mobi_localization:/home/utk/mobi_ws/install/mobi_mapping:/home/utk/mobi_ws/install/mobi_firmware:/home/utk/mobi_ws/install/mobi_description:/home/utk/microros_ws/install/micro_ros_setup:/home/utk/microros_ws/install/micro_ros_agent:/home/utk/microros_ws/install/micro_ros_msgs:/home/utk/rail_ws/install/rail_bringup:/home/utk/rail_ws/install/rail_remote:/home/utk/rail_ws/install/rail_msgs:/home/utk/rail_ws/install/rail_moveit:/home/utk/rail_ws/install/rail_firmware:/home/utk/rail_ws/install/rail_controller:/home/utk/rail_ws/install/rail_description:/home/utk/rail_ws/install/arduinobot_description /usr/bin/cmake --build /home/utk/bot_ws/build/bot_controller -- -j16 -l16
[0.042s] -- Found ament_cmake: 1.3.11 (/opt/ros/humble/share/ament_cmake/cmake)
[0.139s] -- Override CMake install command with custom implementation using symlinks instead of copying resources
[0.155s] -- Found rclcpp: 16.0.12 (/opt/ros/humble/share/rclcpp/cmake)
[0.189s] -- Found rosidl_generator_c: 3.1.6 (/opt/ros/humble/share/rosidl_generator_c/cmake)
[0.192s] -- Found rosidl_adapter: 3.1.6 (/opt/ros/humble/share/rosidl_adapter/cmake)
[0.199s] -- Found rosidl_generator_cpp: 3.1.6 (/opt/ros/humble/share/rosidl_generator_cpp/cmake)
[0.211s] -- Using all available rosidl_typesupport_c: rosidl_typesupport_fastrtps_c;rosidl_typesupport_introspection_c
[0.226s] -- Using all available rosidl_typesupport_cpp: rosidl_typesupport_fastrtps_cpp;rosidl_typesupport_introspection_cpp
[0.261s] -- Found rmw_implementation_cmake: 6.1.2 (/opt/ros/humble/share/rmw_implementation_cmake/cmake)
[0.264s] -- Found rmw_cyclonedds_cpp: 1.3.4 (/opt/ros/humble/share/rmw_cyclonedds_cpp/cmake)
[0.285s] -- Using RMW implementation 'rmw_cyclonedds_cpp' as default
[0.333s] -- Found rclpy: 3.3.16 (/opt/ros/humble/share/rclpy/cmake)
[0.333s] -- Found geometry_msgs: 4.8.0 (/opt/ros/humble/share/geometry_msgs/cmake)
[0.345s] -- Found sensor_msgs: 4.8.0 (/opt/ros/humble/share/sensor_msgs/cmake)
[0.361s] -- Found nav_msgs: 4.8.0 (/opt/ros/humble/share/nav_msgs/cmake)
[0.375s] -- Found tf2_ros: 0.25.12 (/opt/ros/humble/share/tf2_ros/cmake)
[0.459s] -- Found trajectory_msgs: 4.8.0 (/opt/ros/humble/share/trajectory_msgs/cmake)
[0.474s] -- Found twist_mux_msgs: 3.0.1 (/opt/ros/humble/share/twist_mux_msgs/cmake)
[0.541s] -- Configuring done
[0.547s] -- Generating done
[0.549s] -- Build files have been written to: /home/utk/bot_ws/build/bot_controller
[0.567s] Invoked command in '/home/utk/bot_ws/build/bot_controller' returned '0': CMAKE_PREFIX_PATH=/home/utk/bot_ws/install/bot_bringup:/home/utk/bot_ws/install/bot_description:/home/utk/bot_ws/install/bot_controller:/home/utk/mobi_ws/install/mobi_bringup:/home/utk/bot_ws/install/bot_script:/home/utk/mobi_ws/install/mobi_gui:/home/utk/mobi_ws/install/mobi_vision:/home/utk/mobi_ws/install/mobi_speech:/opt/ros/humble:/home/utk/mobi_ws/install/rplidar_ros:/home/utk/mobi_ws/install/mobi_controller:/home/utk/mobi_ws/install/mobi_utils:/home/utk/mobi_ws/install/mobi_script:/home/utk/mobi_ws/install/mobi_planning:/home/utk/mobi_ws/install/mobi_navigation:/home/utk/mobi_ws/install/mobi_msgs:/home/utk/mobi_ws/install/mobi_localization:/home/utk/mobi_ws/install/mobi_mapping:/home/utk/mobi_ws/install/mobi_firmware:/home/utk/mobi_ws/install/mobi_description:/home/utk/microros_ws/install/micro_ros_setup:/home/utk/microros_ws/install/micro_ros_agent:/home/utk/microros_ws/install/micro_ros_msgs:/home/utk/rail_ws/install/rail_bringup:/home/utk/rail_ws/install/rail_remote:/home/utk/rail_ws/install/rail_msgs:/home/utk/rail_ws/install/rail_moveit:/home/utk/rail_ws/install/rail_firmware:/home/utk/rail_ws/install/rail_controller:/home/utk/rail_ws/install/rail_description:/home/utk/rail_ws/install/arduinobot_description /usr/bin/cmake --build /home/utk/bot_ws/build/bot_controller -- -j16 -l16
[0.568s] Invoking command in '/home/utk/bot_ws/build/bot_controller': CMAKE_PREFIX_PATH=/home/utk/bot_ws/install/bot_bringup:/home/utk/bot_ws/install/bot_description:/home/utk/bot_ws/install/bot_controller:/home/utk/mobi_ws/install/mobi_bringup:/home/utk/bot_ws/install/bot_script:/home/utk/mobi_ws/install/mobi_gui:/home/utk/mobi_ws/install/mobi_vision:/home/utk/mobi_ws/install/mobi_speech:/opt/ros/humble:/home/utk/mobi_ws/install/rplidar_ros:/home/utk/mobi_ws/install/mobi_controller:/home/utk/mobi_ws/install/mobi_utils:/home/utk/mobi_ws/install/mobi_script:/home/utk/mobi_ws/install/mobi_planning:/home/utk/mobi_ws/install/mobi_navigation:/home/utk/mobi_ws/install/mobi_msgs:/home/utk/mobi_ws/install/mobi_localization:/home/utk/mobi_ws/install/mobi_mapping:/home/utk/mobi_ws/install/mobi_firmware:/home/utk/mobi_ws/install/mobi_description:/home/utk/microros_ws/install/micro_ros_setup:/home/utk/microros_ws/install/micro_ros_agent:/home/utk/microros_ws/install/micro_ros_msgs:/home/utk/rail_ws/install/rail_bringup:/home/utk/rail_ws/install/rail_remote:/home/utk/rail_ws/install/rail_msgs:/home/utk/rail_ws/install/rail_moveit:/home/utk/rail_ws/install/rail_firmware:/home/utk/rail_ws/install/rail_controller:/home/utk/rail_ws/install/rail_description:/home/utk/rail_ws/install/arduinobot_description /usr/bin/cmake --install /home/utk/bot_ws/build/bot_controller
[0.573s] -- Install configuration: ""
[0.573s] -- Execute custom install script
[0.574s] -- Up-to-date symlink: /home/utk/bot_ws/install/bot_controller/share/bot_controller/launch/controller.launch.py
[0.574s] -- Up-to-date symlink: /home/utk/bot_ws/install/bot_controller/share/bot_controller/config/bot_controllers.yaml
[0.574s] -- Up-to-date symlink: /home/utk/bot_ws/install/bot_controller/share/ament_index/resource_index/package_run_dependencies/bot_controller
[0.574s] -- Up-to-date symlink: /home/utk/bot_ws/install/bot_controller/share/ament_index/resource_index/parent_prefix_path/bot_controller
[0.574s] -- Up-to-date symlink: /home/utk/bot_ws/install/bot_controller/share/bot_controller/environment/ament_prefix_path.sh
[0.574s] -- Up-to-date symlink: /home/utk/bot_ws/install/bot_controller/share/bot_controller/environment/ament_prefix_path.dsv
[0.574s] -- Up-to-date symlink: /home/utk/bot_ws/install/bot_controller/share/bot_controller/environment/path.sh
[0.574s] -- Up-to-date symlink: /home/utk/bot_ws/install/bot_controller/share/bot_controller/environment/path.dsv
[0.574s] -- Up-to-date symlink: /home/utk/bot_ws/install/bot_controller/share/bot_controller/local_setup.bash
[0.574s] -- Up-to-date symlink: /home/utk/bot_ws/install/bot_controller/share/bot_controller/local_setup.sh
[0.575s] -- Up-to-date symlink: /home/utk/bot_ws/install/bot_controller/share/bot_controller/local_setup.zsh
[0.575s] -- Up-to-date symlink: /home/utk/bot_ws/install/bot_controller/share/bot_controller/local_setup.dsv
[0.575s] -- Symlinking: /home/utk/bot_ws/install/bot_controller/share/bot_controller/package.dsv
[0.580s] -- Up-to-date symlink: /home/utk/bot_ws/install/bot_controller/share/ament_index/resource_index/packages/bot_controller
[0.580s] -- Up-to-date symlink: /home/utk/bot_ws/install/bot_controller/share/bot_controller/cmake/bot_controllerConfig.cmake
[0.580s] -- Up-to-date symlink: /home/utk/bot_ws/install/bot_controller/share/bot_controller/cmake/bot_controllerConfig-version.cmake
[0.581s] -- Up-to-date symlink: /home/utk/bot_ws/install/bot_controller/share/bot_controller/package.xml
[0.582s] Invoked command in '/home/utk/bot_ws/build/bot_controller' returned '0': CMAKE_PREFIX_PATH=/home/utk/bot_ws/install/bot_bringup:/home/utk/bot_ws/install/bot_description:/home/utk/bot_ws/install/bot_controller:/home/utk/mobi_ws/install/mobi_bringup:/home/utk/bot_ws/install/bot_script:/home/utk/mobi_ws/install/mobi_gui:/home/utk/mobi_ws/install/mobi_vision:/home/utk/mobi_ws/install/mobi_speech:/opt/ros/humble:/home/utk/mobi_ws/install/rplidar_ros:/home/utk/mobi_ws/install/mobi_controller:/home/utk/mobi_ws/install/mobi_utils:/home/utk/mobi_ws/install/mobi_script:/home/utk/mobi_ws/install/mobi_planning:/home/utk/mobi_ws/install/mobi_navigation:/home/utk/mobi_ws/install/mobi_msgs:/home/utk/mobi_ws/install/mobi_localization:/home/utk/mobi_ws/install/mobi_mapping:/home/utk/mobi_ws/install/mobi_firmware:/home/utk/mobi_ws/install/mobi_description:/home/utk/microros_ws/install/micro_ros_setup:/home/utk/microros_ws/install/micro_ros_agent:/home/utk/microros_ws/install/micro_ros_msgs:/home/utk/rail_ws/install/rail_bringup:/home/utk/rail_ws/install/rail_remote:/home/utk/rail_ws/install/rail_msgs:/home/utk/rail_ws/install/rail_moveit:/home/utk/rail_ws/install/rail_firmware:/home/utk/rail_ws/install/rail_controller:/home/utk/rail_ws/install/rail_description:/home/utk/rail_ws/install/arduinobot_description /usr/bin/cmake --install /home/utk/bot_ws/build/bot_controller
