-- The C compiler identification is GNU 11.4.0
-- The CXX compiler identification is GNU 11.4.0
-- Detecting C compiler ABI info
-- Detecting C compiler ABI info - done
-- Check for working C compiler: /usr/bin/cc - skipped
-- Detecting C compile features
-- Detecting C compile features - done
-- Detecting CXX compiler ABI info
-- Detecting CXX compiler ABI info - done
-- Check for working CXX compiler: /usr/bin/c++ - skipped
-- Detecting CXX compile features
-- Detecting CXX compile features - done
-- Found ament_cmake: 1.3.11 (/opt/ros/humble/share/ament_cmake/cmake)
-- Found Python3: /usr/bin/python3 (found version "3.10.12") found components: Interpreter 
-- Override CMake install command with custom implementation using symlinks instead of copying resources
-- Found ament_lint_auto: 0.12.12 (/opt/ros/humble/share/ament_lint_auto/cmake)
-- Added test 'flake8' to check Python code syntax and style conventions
-- Added test 'lint_cmake' to check CMake code style
-- Added test 'pep257' to check Python code against some of the docstring style conventions in PEP 257
-- Added test 'xmllint' to check XML markup files
-- Configuring done
-- Generating done
-- Build files have been written to: /home/utk/bot_ws/build/bot_description
-- Install configuration: ""
-- Execute custom install script
-- Symlinking: /home/utk/bot_ws/install/bot_description/share/bot_description/launch/display.launch.py
-- Symlinking: /home/utk/bot_ws/install/bot_description/share/bot_description/launch/gazebo.launch.py
-- Symlinking: /home/utk/bot_ws/install/bot_description/share/bot_description/urdf/bot.urdf.xacro
-- Symlinking: /home/utk/bot_ws/install/bot_description/share/bot_description/urdf/bot_base.xacro
-- Symlinking: /home/utk/bot_ws/install/bot_description/share/bot_description/urdf/bot_sensors.xacro
-- Symlinking: /home/utk/bot_ws/install/bot_description/share/bot_description/urdf/gazebo.xacro
-- Symlinking: /home/utk/bot_ws/install/bot_description/share/bot_description/urdf/ros2_control.xacro
-- Symlinking: /home/utk/bot_ws/install/bot_description/share/bot_description/rviz/display.rviz
-- Symlinking: /home/utk/bot_ws/install/bot_description/share/bot_description/worlds/empty.world
-- Symlinking: /home/utk/bot_ws/install/bot_description/share/ament_index/resource_index/package_run_dependencies/bot_description
-- Symlinking: /home/utk/bot_ws/install/bot_description/share/ament_index/resource_index/parent_prefix_path/bot_description
-- Symlinking: /home/utk/bot_ws/install/bot_description/share/bot_description/environment/ament_prefix_path.sh
-- Symlinking: /home/utk/bot_ws/install/bot_description/share/bot_description/environment/ament_prefix_path.dsv
-- Symlinking: /home/utk/bot_ws/install/bot_description/share/bot_description/environment/path.sh
-- Symlinking: /home/utk/bot_ws/install/bot_description/share/bot_description/environment/path.dsv
-- Symlinking: /home/utk/bot_ws/install/bot_description/share/bot_description/local_setup.bash
-- Symlinking: /home/utk/bot_ws/install/bot_description/share/bot_description/local_setup.sh
-- Symlinking: /home/utk/bot_ws/install/bot_description/share/bot_description/local_setup.zsh
-- Symlinking: /home/utk/bot_ws/install/bot_description/share/bot_description/local_setup.dsv
-- Symlinking: /home/utk/bot_ws/install/bot_description/share/bot_description/package.dsv
-- Symlinking: /home/utk/bot_ws/install/bot_description/share/ament_index/resource_index/packages/bot_description
-- Symlinking: /home/utk/bot_ws/install/bot_description/share/bot_description/cmake/bot_descriptionConfig.cmake
-- Symlinking: /home/utk/bot_ws/install/bot_description/share/bot_description/cmake/bot_descriptionConfig-version.cmake
-- Symlinking: /home/utk/bot_ws/install/bot_description/share/bot_description/package.xml
