[0.009s] Invoking command in '/home/utk/bot_ws/build/bot_description': CMAKE_PREFIX_PATH=/home/utk/bot_ws/install/bot_description:/home/utk/mobi_ws/install/mobi_bringup:/home/utk/mobi_ws/install/mobi_gui:/home/utk/mobi_ws/install/mobi_vision:/home/utk/mobi_ws/install/mobi_speech:/opt/ros/humble:/home/utk/mobi_ws/install/rplidar_ros:/home/utk/mobi_ws/install/mobi_controller:/home/utk/mobi_ws/install/mobi_utils:/home/utk/mobi_ws/install/mobi_script:/home/utk/mobi_ws/install/mobi_planning:/home/utk/mobi_ws/install/mobi_navigation:/home/utk/mobi_ws/install/mobi_msgs:/home/utk/mobi_ws/install/mobi_localization:/home/utk/mobi_ws/install/mobi_mapping:/home/utk/mobi_ws/install/mobi_firmware:/home/utk/mobi_ws/install/mobi_description:/home/utk/microros_ws/install/micro_ros_setup:/home/utk/microros_ws/install/micro_ros_agent:/home/utk/microros_ws/install/micro_ros_msgs:/home/utk/rail_ws/install/rail_bringup:/home/utk/rail_ws/install/rail_remote:/home/utk/rail_ws/install/rail_msgs:/home/utk/rail_ws/install/rail_moveit:/home/utk/rail_ws/install/rail_firmware:/home/utk/rail_ws/install/rail_controller:/home/utk/rail_ws/install/rail_description:/home/utk/rail_ws/install/arduinobot_description /usr/bin/cmake /home/utk/bot_ws/src/bot_description -DAMENT_CMAKE_SYMLINK_INSTALL=1 -DCMAKE_INSTALL_PREFIX=/home/utk/bot_ws/install/bot_description
[0.048s] -- The C compiler identification is GNU 11.4.0
[0.093s] -- The CXX compiler identification is GNU 11.4.0
[0.099s] -- Detecting C compiler ABI info
[0.151s] -- Detecting C compiler ABI info - done
[0.155s] -- Check for working C compiler: /usr/bin/cc - skipped
[0.155s] -- Detecting C compile features
[0.156s] -- Detecting C compile features - done
[0.158s] -- Detecting CXX compiler ABI info
[0.214s] -- Detecting CXX compiler ABI info - done
[0.220s] -- Check for working CXX compiler: /usr/bin/c++ - skipped
[0.220s] -- Detecting CXX compile features
[0.220s] -- Detecting CXX compile features - done
[0.222s] -- Found ament_cmake: 1.3.11 (/opt/ros/humble/share/ament_cmake/cmake)
[0.370s] -- Found Python3: /usr/bin/python3 (found version "3.10.12") found components: Interpreter 
[0.436s] -- Override CMake install command with custom implementation using symlinks instead of copying resources
[0.463s] -- Found ament_lint_auto: 0.12.12 (/opt/ros/humble/share/ament_lint_auto/cmake)
[0.539s] -- Added test 'flake8' to check Python code syntax and style conventions
[0.539s] -- Added test 'lint_cmake' to check CMake code style
[0.539s] -- Added test 'pep257' to check Python code against some of the docstring style conventions in PEP 257
[0.541s] -- Added test 'xmllint' to check XML markup files
[0.542s] -- Configuring done
[0.544s] -- Generating done
[0.544s] -- Build files have been written to: /home/utk/bot_ws/build/bot_description
[0.549s] Invoked command in '/home/utk/bot_ws/build/bot_description' returned '0': CMAKE_PREFIX_PATH=/home/utk/bot_ws/install/bot_description:/home/utk/mobi_ws/install/mobi_bringup:/home/utk/mobi_ws/install/mobi_gui:/home/utk/mobi_ws/install/mobi_vision:/home/utk/mobi_ws/install/mobi_speech:/opt/ros/humble:/home/utk/mobi_ws/install/rplidar_ros:/home/utk/mobi_ws/install/mobi_controller:/home/utk/mobi_ws/install/mobi_utils:/home/utk/mobi_ws/install/mobi_script:/home/utk/mobi_ws/install/mobi_planning:/home/utk/mobi_ws/install/mobi_navigation:/home/utk/mobi_ws/install/mobi_msgs:/home/utk/mobi_ws/install/mobi_localization:/home/utk/mobi_ws/install/mobi_mapping:/home/utk/mobi_ws/install/mobi_firmware:/home/utk/mobi_ws/install/mobi_description:/home/utk/microros_ws/install/micro_ros_setup:/home/utk/microros_ws/install/micro_ros_agent:/home/utk/microros_ws/install/micro_ros_msgs:/home/utk/rail_ws/install/rail_bringup:/home/utk/rail_ws/install/rail_remote:/home/utk/rail_ws/install/rail_msgs:/home/utk/rail_ws/install/rail_moveit:/home/utk/rail_ws/install/rail_firmware:/home/utk/rail_ws/install/rail_controller:/home/utk/rail_ws/install/rail_description:/home/utk/rail_ws/install/arduinobot_description /usr/bin/cmake /home/utk/bot_ws/src/bot_description -DAMENT_CMAKE_SYMLINK_INSTALL=1 -DCMAKE_INSTALL_PREFIX=/home/utk/bot_ws/install/bot_description
[0.549s] Invoking command in '/home/utk/bot_ws/build/bot_description': CMAKE_PREFIX_PATH=/home/utk/bot_ws/install/bot_description:/home/utk/mobi_ws/install/mobi_bringup:/home/utk/mobi_ws/install/mobi_gui:/home/utk/mobi_ws/install/mobi_vision:/home/utk/mobi_ws/install/mobi_speech:/opt/ros/humble:/home/utk/mobi_ws/install/rplidar_ros:/home/utk/mobi_ws/install/mobi_controller:/home/utk/mobi_ws/install/mobi_utils:/home/utk/mobi_ws/install/mobi_script:/home/utk/mobi_ws/install/mobi_planning:/home/utk/mobi_ws/install/mobi_navigation:/home/utk/mobi_ws/install/mobi_msgs:/home/utk/mobi_ws/install/mobi_localization:/home/utk/mobi_ws/install/mobi_mapping:/home/utk/mobi_ws/install/mobi_firmware:/home/utk/mobi_ws/install/mobi_description:/home/utk/microros_ws/install/micro_ros_setup:/home/utk/microros_ws/install/micro_ros_agent:/home/utk/microros_ws/install/micro_ros_msgs:/home/utk/rail_ws/install/rail_bringup:/home/utk/rail_ws/install/rail_remote:/home/utk/rail_ws/install/rail_msgs:/home/utk/rail_ws/install/rail_moveit:/home/utk/rail_ws/install/rail_firmware:/home/utk/rail_ws/install/rail_controller:/home/utk/rail_ws/install/rail_description:/home/utk/rail_ws/install/arduinobot_description /usr/bin/cmake --build /home/utk/bot_ws/build/bot_description -- -j16 -l16
[0.578s] Invoked command in '/home/utk/bot_ws/build/bot_description' returned '0': CMAKE_PREFIX_PATH=/home/utk/bot_ws/install/bot_description:/home/utk/mobi_ws/install/mobi_bringup:/home/utk/mobi_ws/install/mobi_gui:/home/utk/mobi_ws/install/mobi_vision:/home/utk/mobi_ws/install/mobi_speech:/opt/ros/humble:/home/utk/mobi_ws/install/rplidar_ros:/home/utk/mobi_ws/install/mobi_controller:/home/utk/mobi_ws/install/mobi_utils:/home/utk/mobi_ws/install/mobi_script:/home/utk/mobi_ws/install/mobi_planning:/home/utk/mobi_ws/install/mobi_navigation:/home/utk/mobi_ws/install/mobi_msgs:/home/utk/mobi_ws/install/mobi_localization:/home/utk/mobi_ws/install/mobi_mapping:/home/utk/mobi_ws/install/mobi_firmware:/home/utk/mobi_ws/install/mobi_description:/home/utk/microros_ws/install/micro_ros_setup:/home/utk/microros_ws/install/micro_ros_agent:/home/utk/microros_ws/install/micro_ros_msgs:/home/utk/rail_ws/install/rail_bringup:/home/utk/rail_ws/install/rail_remote:/home/utk/rail_ws/install/rail_msgs:/home/utk/rail_ws/install/rail_moveit:/home/utk/rail_ws/install/rail_firmware:/home/utk/rail_ws/install/rail_controller:/home/utk/rail_ws/install/rail_description:/home/utk/rail_ws/install/arduinobot_description /usr/bin/cmake --build /home/utk/bot_ws/build/bot_description -- -j16 -l16
[0.585s] Invoking command in '/home/utk/bot_ws/build/bot_description': CMAKE_PREFIX_PATH=/home/utk/bot_ws/install/bot_description:/home/utk/mobi_ws/install/mobi_bringup:/home/utk/mobi_ws/install/mobi_gui:/home/utk/mobi_ws/install/mobi_vision:/home/utk/mobi_ws/install/mobi_speech:/opt/ros/humble:/home/utk/mobi_ws/install/rplidar_ros:/home/utk/mobi_ws/install/mobi_controller:/home/utk/mobi_ws/install/mobi_utils:/home/utk/mobi_ws/install/mobi_script:/home/utk/mobi_ws/install/mobi_planning:/home/utk/mobi_ws/install/mobi_navigation:/home/utk/mobi_ws/install/mobi_msgs:/home/utk/mobi_ws/install/mobi_localization:/home/utk/mobi_ws/install/mobi_mapping:/home/utk/mobi_ws/install/mobi_firmware:/home/utk/mobi_ws/install/mobi_description:/home/utk/microros_ws/install/micro_ros_setup:/home/utk/microros_ws/install/micro_ros_agent:/home/utk/microros_ws/install/micro_ros_msgs:/home/utk/rail_ws/install/rail_bringup:/home/utk/rail_ws/install/rail_remote:/home/utk/rail_ws/install/rail_msgs:/home/utk/rail_ws/install/rail_moveit:/home/utk/rail_ws/install/rail_firmware:/home/utk/rail_ws/install/rail_controller:/home/utk/rail_ws/install/rail_description:/home/utk/rail_ws/install/arduinobot_description /usr/bin/cmake --install /home/utk/bot_ws/build/bot_description
[0.590s] -- Install configuration: ""
[0.591s] -- Execute custom install script
[0.591s] -- Symlinking: /home/utk/bot_ws/install/bot_description/share/bot_description/launch/display.launch.py
[0.597s] -- Symlinking: /home/utk/bot_ws/install/bot_description/share/bot_description/launch/gazebo.launch.py
[0.604s] -- Symlinking: /home/utk/bot_ws/install/bot_description/share/bot_description/urdf/bot.urdf.xacro
[0.611s] -- Symlinking: /home/utk/bot_ws/install/bot_description/share/bot_description/urdf/bot_base.xacro
[0.616s] -- Symlinking: /home/utk/bot_ws/install/bot_description/share/bot_description/urdf/bot_sensors.xacro
[0.622s] -- Symlinking: /home/utk/bot_ws/install/bot_description/share/bot_description/urdf/gazebo.xacro
[0.628s] -- Symlinking: /home/utk/bot_ws/install/bot_description/share/bot_description/urdf/ros2_control.xacro
[0.635s] -- Symlinking: /home/utk/bot_ws/install/bot_description/share/bot_description/rviz/display.rviz
[0.645s] -- Symlinking: /home/utk/bot_ws/install/bot_description/share/bot_description/worlds/empty.world
[0.652s] -- Symlinking: /home/utk/bot_ws/install/bot_description/share/ament_index/resource_index/package_run_dependencies/bot_description
[0.658s] -- Symlinking: /home/utk/bot_ws/install/bot_description/share/ament_index/resource_index/parent_prefix_path/bot_description
[0.664s] -- Symlinking: /home/utk/bot_ws/install/bot_description/share/bot_description/environment/ament_prefix_path.sh
[0.671s] -- Symlinking: /home/utk/bot_ws/install/bot_description/share/bot_description/environment/ament_prefix_path.dsv
[0.677s] -- Symlinking: /home/utk/bot_ws/install/bot_description/share/bot_description/environment/path.sh
[0.684s] -- Symlinking: /home/utk/bot_ws/install/bot_description/share/bot_description/environment/path.dsv
[0.689s] -- Symlinking: /home/utk/bot_ws/install/bot_description/share/bot_description/local_setup.bash
[0.695s] -- Symlinking: /home/utk/bot_ws/install/bot_description/share/bot_description/local_setup.sh
[0.702s] -- Symlinking: /home/utk/bot_ws/install/bot_description/share/bot_description/local_setup.zsh
[0.710s] -- Symlinking: /home/utk/bot_ws/install/bot_description/share/bot_description/local_setup.dsv
[0.718s] -- Symlinking: /home/utk/bot_ws/install/bot_description/share/bot_description/package.dsv
[0.726s] -- Symlinking: /home/utk/bot_ws/install/bot_description/share/ament_index/resource_index/packages/bot_description
[0.733s] -- Symlinking: /home/utk/bot_ws/install/bot_description/share/bot_description/cmake/bot_descriptionConfig.cmake
[0.741s] -- Symlinking: /home/utk/bot_ws/install/bot_description/share/bot_description/cmake/bot_descriptionConfig-version.cmake
[0.748s] -- Symlinking: /home/utk/bot_ws/install/bot_description/share/bot_description/package.xml
[0.756s] Invoked command in '/home/utk/bot_ws/build/bot_description' returned '0': CMAKE_PREFIX_PATH=/home/utk/bot_ws/install/bot_description:/home/utk/mobi_ws/install/mobi_bringup:/home/utk/mobi_ws/install/mobi_gui:/home/utk/mobi_ws/install/mobi_vision:/home/utk/mobi_ws/install/mobi_speech:/opt/ros/humble:/home/utk/mobi_ws/install/rplidar_ros:/home/utk/mobi_ws/install/mobi_controller:/home/utk/mobi_ws/install/mobi_utils:/home/utk/mobi_ws/install/mobi_script:/home/utk/mobi_ws/install/mobi_planning:/home/utk/mobi_ws/install/mobi_navigation:/home/utk/mobi_ws/install/mobi_msgs:/home/utk/mobi_ws/install/mobi_localization:/home/utk/mobi_ws/install/mobi_mapping:/home/utk/mobi_ws/install/mobi_firmware:/home/utk/mobi_ws/install/mobi_description:/home/utk/microros_ws/install/micro_ros_setup:/home/utk/microros_ws/install/micro_ros_agent:/home/utk/microros_ws/install/micro_ros_msgs:/home/utk/rail_ws/install/rail_bringup:/home/utk/rail_ws/install/rail_remote:/home/utk/rail_ws/install/rail_msgs:/home/utk/rail_ws/install/rail_moveit:/home/utk/rail_ws/install/rail_firmware:/home/utk/rail_ws/install/rail_controller:/home/utk/rail_ws/install/rail_description:/home/utk/rail_ws/install/arduinobot_description /usr/bin/cmake --install /home/utk/bot_ws/build/bot_description
