-- Install configuration: ""
-- Execute custom install script
-- Up-to-date symlink: /home/utk/bot_ws/install/bot_description/share/bot_description/launch/display.launch.py
-- Up-to-date symlink: /home/utk/bot_ws/install/bot_description/share/bot_description/launch/gazebo.launch.py
-- Symlinking: /home/utk/bot_ws/install/bot_description/share/bot_description/models/aws_robomaker_residential_CoffeeTable_01/materials/textures/aws_CoffeeTable_01.png
-- Symlinking: /home/utk/bot_ws/install/bot_description/share/bot_description/models/aws_robomaker_residential_CoffeeTable_01/meshes/aws_CoffeeTable_01_collision.DAE
-- Symlinking: /home/utk/bot_ws/install/bot_description/share/bot_description/models/aws_robomaker_residential_CoffeeTable_01/meshes/aws_CoffeeTable_01_visual.DAE
-- Symlinking: /home/utk/bot_ws/install/bot_description/share/bot_description/models/aws_robomaker_residential_CoffeeTable_01/model.config
-- Symlinking: /home/utk/bot_ws/install/bot_description/share/bot_description/models/aws_robomaker_residential_CoffeeTable_01/model.sdf
-- Up-to-date symlink: /home/utk/bot_ws/install/bot_description/share/bot_description/urdf/bot.urdf.xacro
-- Up-to-date symlink: /home/utk/bot_ws/install/bot_description/share/bot_description/urdf/bot_base.xacro
-- Up-to-date symlink: /home/utk/bot_ws/install/bot_description/share/bot_description/urdf/bot_sensors.xacro
-- Up-to-date symlink: /home/utk/bot_ws/install/bot_description/share/bot_description/urdf/gazebo.xacro
-- Up-to-date symlink: /home/utk/bot_ws/install/bot_description/share/bot_description/urdf/ros2_control.xacro
-- Up-to-date symlink: /home/utk/bot_ws/install/bot_description/share/bot_description/rviz/display.rviz
-- Up-to-date symlink: /home/utk/bot_ws/install/bot_description/share/bot_description/worlds/empty.world
-- Up-to-date symlink: /home/utk/bot_ws/install/bot_description/share/ament_index/resource_index/package_run_dependencies/bot_description
-- Up-to-date symlink: /home/utk/bot_ws/install/bot_description/share/ament_index/resource_index/parent_prefix_path/bot_description
-- Up-to-date symlink: /home/utk/bot_ws/install/bot_description/share/bot_description/environment/ament_prefix_path.sh
-- Up-to-date symlink: /home/utk/bot_ws/install/bot_description/share/bot_description/environment/ament_prefix_path.dsv
-- Up-to-date symlink: /home/utk/bot_ws/install/bot_description/share/bot_description/environment/path.sh
-- Up-to-date symlink: /home/utk/bot_ws/install/bot_description/share/bot_description/environment/path.dsv
-- Up-to-date symlink: /home/utk/bot_ws/install/bot_description/share/bot_description/local_setup.bash
-- Up-to-date symlink: /home/utk/bot_ws/install/bot_description/share/bot_description/local_setup.sh
-- Up-to-date symlink: /home/utk/bot_ws/install/bot_description/share/bot_description/local_setup.zsh
-- Up-to-date symlink: /home/utk/bot_ws/install/bot_description/share/bot_description/local_setup.dsv
-- Symlinking: /home/utk/bot_ws/install/bot_description/share/bot_description/package.dsv
-- Up-to-date symlink: /home/utk/bot_ws/install/bot_description/share/ament_index/resource_index/packages/bot_description
-- Up-to-date symlink: /home/utk/bot_ws/install/bot_description/share/bot_description/cmake/bot_descriptionConfig.cmake
-- Up-to-date symlink: /home/utk/bot_ws/install/bot_description/share/bot_description/cmake/bot_descriptionConfig-version.cmake
-- Up-to-date symlink: /home/utk/bot_ws/install/bot_description/share/bot_description/package.xml
