running develop
running egg_info
creating bot_script.egg-info
writing bot_script.egg-info/PKG-INFO
writing dependency_links to bot_script.egg-info/dependency_links.txt
writing entry points to bot_script.egg-info/entry_points.txt
writing requirements to bot_script.egg-info/requires.txt
writing top-level names to bot_script.egg-info/top_level.txt
writing manifest file 'bot_script.egg-info/SOURCES.txt'
reading manifest file 'bot_script.egg-info/SOURCES.txt'
writing manifest file 'bot_script.egg-info/SOURCES.txt'
running build_ext
Creating /home/utk/bot_ws/install/bot_script/lib/python3.10/site-packages/bot-script.egg-link (link to .)
Installing edge_detection script to /home/utk/bot_ws/install/bot_script/lib/bot_script

Installed /home/utk/bot_ws/build/bot_script
running symlink_data
creating /home/utk/bot_ws/install/bot_script/share/ament_index
creating /home/utk/bot_ws/install/bot_script/share/ament_index/resource_index
creating /home/utk/bot_ws/install/bot_script/share/ament_index/resource_index/packages
symbolically linking /home/utk/bot_ws/build/bot_script/resource/bot_script -> /home/utk/bot_ws/install/bot_script/share/ament_index/resource_index/packages
symbolically linking /home/utk/bot_ws/build/bot_script/package.xml -> /home/utk/bot_ws/install/bot_script/share/bot_script
