[0.787s] Invoking command in '/home/utk/bot_ws/build/bot_script': PYTHONPATH=/home/utk/bot_ws/build/bot_script/prefix_override:/usr/lib/python3/dist-packages/colcon_core/task/python/colcon_distutils_commands:/home/utk/bot_ws/install/bot_script/lib/python3.10/site-packages:${PYTHONPATH} /usr/bin/python3 -W ignore:setup.py install is deprecated -W ignore:easy_install command is deprecated setup.py develop --editable --build-directory /home/utk/bot_ws/build/bot_script/build --no-deps symlink_data
[1.044s] running develop
[1.238s] running egg_info
[1.238s] creating bot_script.egg-info
[1.238s] writing bot_script.egg-info/PKG-INFO
[1.238s] writing dependency_links to bot_script.egg-info/dependency_links.txt
[1.239s] writing entry points to bot_script.egg-info/entry_points.txt
[1.239s] writing requirements to bot_script.egg-info/requires.txt
[1.239s] writing top-level names to bot_script.egg-info/top_level.txt
[1.239s] writing manifest file 'bot_script.egg-info/SOURCES.txt'
[1.241s] reading manifest file 'bot_script.egg-info/SOURCES.txt'
[1.241s] writing manifest file 'bot_script.egg-info/SOURCES.txt'
[1.277s] running build_ext
[1.277s] Creating /home/utk/bot_ws/install/bot_script/lib/python3.10/site-packages/bot-script.egg-link (link to .)
[1.278s] Installing edge_detection script to /home/utk/bot_ws/install/bot_script/lib/bot_script
[1.278s] 
[1.278s] Installed /home/utk/bot_ws/build/bot_script
[1.278s] running symlink_data
[1.278s] creating /home/utk/bot_ws/install/bot_script/share/ament_index
[1.278s] creating /home/utk/bot_ws/install/bot_script/share/ament_index/resource_index
[1.278s] creating /home/utk/bot_ws/install/bot_script/share/ament_index/resource_index/packages
[1.278s] symbolically linking /home/utk/bot_ws/build/bot_script/resource/bot_script -> /home/utk/bot_ws/install/bot_script/share/ament_index/resource_index/packages
[1.278s] symbolically linking /home/utk/bot_ws/build/bot_script/package.xml -> /home/utk/bot_ws/install/bot_script/share/bot_script
[1.303s] Invoked command in '/home/utk/bot_ws/build/bot_script' returned '0': PYTHONPATH=/home/utk/bot_ws/build/bot_script/prefix_override:/usr/lib/python3/dist-packages/colcon_core/task/python/colcon_distutils_commands:/home/utk/bot_ws/install/bot_script/lib/python3.10/site-packages:${PYTHONPATH} /usr/bin/python3 -W ignore:setup.py install is deprecated -W ignore:easy_install command is deprecated setup.py develop --editable --build-directory /home/utk/bot_ws/build/bot_script/build --no-deps symlink_data
